[0.020s] Invoking command in '/home/robopi2/ros2_ws/build/my_robot_interfaces': CMAKE_PREFIX_PATH=${CMAKE_PREFIX_PATH}:/home/robopi2/ros2_ws/install/robot_middleware:/opt/ros/jazzy /usr/bin/cmake /home/robopi2/ros2_ws/src/my_robot_interfaces -DCMAKE_INSTALL_PREFIX=/home/robopi2/ros2_ws/install/my_robot_interfaces
[0.158s] -- The C compiler identification is GNU 13.3.0
[0.276s] -- The CXX compiler identification is GNU 13.3.0
[0.304s] -- Detecting C compiler ABI info
[0.483s] -- Detecting C compiler ABI info - done
[0.498s] -- Check for working C compiler: /usr/bin/cc - skipped
[0.500s] -- Detecting C compile features
[0.500s] -- Detecting C compile features - done
[0.515s] -- Detecting CXX compiler ABI info
[0.707s] -- Detecting CXX compiler ABI info - done
[0.721s] -- Check for working CXX compiler: /usr/bin/c++ - skipped
[0.722s] -- Detecting CXX compile features
[0.723s] -- Detecting CXX compile features - done
[0.727s] -- Found ament_cmake: 2.5.5 (/opt/ros/jazzy/share/ament_cmake/cmake)
[0.981s] -- Found Python3: /usr/bin/python3 (found version "3.12.3") found components: Interpreter 
[1.166s] -- Found geometry_msgs: 5.3.6 (/opt/ros/jazzy/share/geometry_msgs/cmake)
[1.223s] -- Found rosidl_generator_c: 4.6.7 (/opt/ros/jazzy/share/rosidl_generator_c/cmake)
[1.245s] -- Found rosidl_generator_cpp: 4.6.7 (/opt/ros/jazzy/share/rosidl_generator_cpp/cmake)
[1.269s] -- Using all available rosidl_typesupport_c: rosidl_typesupport_fastrtps_c;rosidl_typesupport_introspection_c
[1.298s] -- Using all available rosidl_typesupport_cpp: rosidl_typesupport_fastrtps_cpp;rosidl_typesupport_introspection_cpp
[1.370s] -- Found rosidl_default_generators: 1.6.0 (/opt/ros/jazzy/share/rosidl_default_generators/cmake)
[1.392s] -- Found rosidl_adapter: 4.6.7 (/opt/ros/jazzy/share/rosidl_adapter/cmake)
[2.511s] -- Found ament_cmake_ros: 0.12.0 (/opt/ros/jazzy/share/ament_cmake_ros/cmake)
[3.815s] -- Using all available rosidl_typesupport_c: rosidl_typesupport_fastrtps_c;rosidl_typesupport_introspection_c
[4.314s] -- Using all available rosidl_typesupport_cpp: rosidl_typesupport_fastrtps_cpp;rosidl_typesupport_introspection_cpp
[4.318s] -- Found python_cmake_module: 0.11.1 (/opt/ros/jazzy/share/python_cmake_module/cmake)
[4.523s] -- Found PythonExtra: /usr/bin/python3  
[5.213s] -- Found Python3: /usr/bin/python3 (found version "3.12.3") found components: Interpreter Development NumPy Development.Module Development.Embed 
[5.312s] -- Configuring done (5.3s)
[5.367s] -- Generating done (0.0s)
[5.384s] -- Build files have been written to: /home/robopi2/ros2_ws/build/my_robot_interfaces
[5.403s] Invoked command in '/home/robopi2/ros2_ws/build/my_robot_interfaces' returned '0': CMAKE_PREFIX_PATH=${CMAKE_PREFIX_PATH}:/home/robopi2/ros2_ws/install/robot_middleware:/opt/ros/jazzy /usr/bin/cmake /home/robopi2/ros2_ws/src/my_robot_interfaces -DCMAKE_INSTALL_PREFIX=/home/robopi2/ros2_ws/install/my_robot_interfaces
[5.405s] Invoking command in '/home/robopi2/ros2_ws/build/my_robot_interfaces': CMAKE_PREFIX_PATH=${CMAKE_PREFIX_PATH}:/home/robopi2/ros2_ws/install/robot_middleware:/opt/ros/jazzy /usr/bin/cmake --build /home/robopi2/ros2_ws/build/my_robot_interfaces -- -j4 -l4
[5.496s] [  2%] [34m[1mGenerating type hashes for ROS interfaces[0m
[5.516s] [  2%] Built target ament_cmake_python_copy_my_robot_interfaces
[5.813s] [  2%] Built target my_robot_interfaces__rosidl_generator_type_description
[5.828s] running egg_info
[5.830s] creating my_robot_interfaces.egg-info
[5.833s] [  5%] [34m[1mGenerating C code for ROS interfaces[0m
[5.855s] [  8%] [34m[1mGenerating C++ code for ROS interfaces[0m
[5.859s] writing my_robot_interfaces.egg-info/PKG-INFO
[5.859s] writing dependency_links to my_robot_interfaces.egg-info/dependency_links.txt
[5.859s] writing top-level names to my_robot_interfaces.egg-info/top_level.txt
[5.860s] writing manifest file 'my_robot_interfaces.egg-info/SOURCES.txt'
[5.944s] reading manifest file 'my_robot_interfaces.egg-info/SOURCES.txt'
[5.945s] writing manifest file 'my_robot_interfaces.egg-info/SOURCES.txt'
[6.044s] [  8%] Built target ament_cmake_python_build_my_robot_interfaces_egg
[6.288s] [  8%] Built target my_robot_interfaces__cpp
[6.332s] [ 17%] [32mBuilding C object CMakeFiles/my_robot_interfaces__rosidl_generator_c.dir/rosidl_generator_c/my_robot_interfaces/msg/detail/robot_command__type_support.c.o[0m
[6.332s] [ 17%] [32mBuilding C object CMakeFiles/my_robot_interfaces__rosidl_generator_c.dir/rosidl_generator_c/my_robot_interfaces/msg/detail/robot_command__functions.c.o[0m
[6.332s] [ 17%] [32mBuilding C object CMakeFiles/my_robot_interfaces__rosidl_generator_c.dir/rosidl_generator_c/my_robot_interfaces/msg/detail/robot_command__description.c.o[0m
[6.424s] [ 20%] [32m[1mLinking C shared library libmy_robot_interfaces__rosidl_generator_c.so[0m
[6.492s] [ 20%] Built target my_robot_interfaces__rosidl_generator_c
[6.514s] [ 29%] [34m[1mGenerating C++ type support dispatch for ROS interfaces[0m
[6.515s] [ 29%] [34m[1mGenerating C type support for eProsima Fast-RTPS[0m
[6.515s] [ 29%] [34m[1mGenerating C++ type support for eProsima Fast-RTPS[0m
[6.517s] [ 32%] [34m[1mGenerating C introspection for ROS interfaces[0m
[7.040s] [ 35%] [32mBuilding CXX object CMakeFiles/my_robot_interfaces__rosidl_typesupport_cpp.dir/rosidl_typesupport_cpp/my_robot_interfaces/msg/robot_command__type_support.cpp.o[0m
[7.066s] [ 38%] [32mBuilding C object CMakeFiles/my_robot_interfaces__rosidl_typesupport_introspection_c.dir/rosidl_typesupport_introspection_c/my_robot_interfaces/msg/detail/robot_command__type_support.c.o[0m
[7.122s] [ 41%] [32mBuilding CXX object CMakeFiles/my_robot_interfaces__rosidl_typesupport_fastrtps_c.dir/rosidl_typesupport_fastrtps_c/my_robot_interfaces/msg/detail/robot_command__type_support_c.cpp.o[0m
[7.157s] [ 44%] [32m[1mLinking C shared library libmy_robot_interfaces__rosidl_typesupport_introspection_c.so[0m
[7.162s] [ 47%] [32mBuilding CXX object CMakeFiles/my_robot_interfaces__rosidl_typesupport_fastrtps_cpp.dir/rosidl_typesupport_fastrtps_cpp/my_robot_interfaces/msg/detail/dds_fastrtps/robot_command__type_support.cpp.o[0m
[7.224s] [ 47%] Built target my_robot_interfaces__rosidl_typesupport_introspection_c
[7.247s] [ 50%] [34m[1mGenerating C type support dispatch for ROS interfaces[0m
[7.814s] [ 52%] [32m[1mLinking CXX shared library libmy_robot_interfaces__rosidl_typesupport_cpp.so[0m
[7.815s] [ 55%] [32mBuilding CXX object CMakeFiles/my_robot_interfaces__rosidl_typesupport_c.dir/rosidl_typesupport_c/my_robot_interfaces/msg/robot_command__type_support.cpp.o[0m
[7.912s] [ 55%] Built target my_robot_interfaces__rosidl_typesupport_cpp
[7.914s] [ 58%] [32m[1mLinking CXX shared library libmy_robot_interfaces__rosidl_typesupport_c.so[0m
[7.937s] [ 61%] [34m[1mGenerating C++ introspection for ROS interfaces[0m
[8.013s] [ 61%] Built target my_robot_interfaces__rosidl_typesupport_c
[8.219s] [ 64%] [32m[1mLinking CXX shared library libmy_robot_interfaces__rosidl_typesupport_fastrtps_c.so[0m
[8.311s] [ 67%] [32m[1mLinking CXX shared library libmy_robot_interfaces__rosidl_typesupport_fastrtps_cpp.so[0m
[8.449s] [ 67%] Built target my_robot_interfaces__rosidl_typesupport_fastrtps_c
[8.490s] [ 70%] [32mBuilding CXX object CMakeFiles/my_robot_interfaces__rosidl_typesupport_introspection_cpp.dir/rosidl_typesupport_introspection_cpp/my_robot_interfaces/msg/detail/robot_command__type_support.cpp.o[0m
[8.531s] [ 70%] Built target my_robot_interfaces__rosidl_typesupport_fastrtps_cpp
[8.945s] [ 73%] [32m[1mLinking CXX shared library libmy_robot_interfaces__rosidl_typesupport_introspection_cpp.so[0m
[9.085s] [ 73%] Built target my_robot_interfaces__rosidl_typesupport_introspection_cpp
[9.121s] [ 73%] Built target my_robot_interfaces
[9.159s] [ 76%] [34m[1mGenerating Python code for ROS interfaces[0m
[9.572s] [ 76%] Built target my_robot_interfaces__py
[9.608s] [ 79%] [32mBuilding C object CMakeFiles/my_robot_interfaces__rosidl_generator_py.dir/rosidl_generator_py/my_robot_interfaces/msg/_robot_command_s.c.o[0m
[9.799s] [ 82%] [32m[1mLinking C shared library libmy_robot_interfaces__rosidl_generator_py.so[0m
[9.879s] [ 82%] Built target my_robot_interfaces__rosidl_generator_py
[9.919s] [ 91%] [32mBuilding C object CMakeFiles/my_robot_interfaces_s__rosidl_typesupport_fastrtps_c.dir/rosidl_generator_py/my_robot_interfaces/_my_robot_interfaces_s.ep.rosidl_typesupport_fastrtps_c.c.o[0m
[9.919s] [ 91%] [32mBuilding C object CMakeFiles/my_robot_interfaces_s__rosidl_typesupport_introspection_c.dir/rosidl_generator_py/my_robot_interfaces/_my_robot_interfaces_s.ep.rosidl_typesupport_introspection_c.c.o[0m
[9.919s] [ 91%] [32mBuilding C object CMakeFiles/my_robot_interfaces_s__rosidl_typesupport_c.dir/rosidl_generator_py/my_robot_interfaces/_my_robot_interfaces_s.ep.rosidl_typesupport_c.c.o[0m
[10.103s] [ 94%] [32m[1mLinking C shared module rosidl_generator_py/my_robot_interfaces/my_robot_interfaces_s__rosidl_typesupport_c.so[0m
[10.106s] [ 97%] [32m[1mLinking C shared module rosidl_generator_py/my_robot_interfaces/my_robot_interfaces_s__rosidl_typesupport_introspection_c.so[0m
[10.110s] [100%] [32m[1mLinking C shared module rosidl_generator_py/my_robot_interfaces/my_robot_interfaces_s__rosidl_typesupport_fastrtps_c.so[0m
[10.166s] [100%] Built target my_robot_interfaces_s__rosidl_typesupport_introspection_c
[10.168s] [100%] Built target my_robot_interfaces_s__rosidl_typesupport_c
[10.176s] [100%] Built target my_robot_interfaces_s__rosidl_typesupport_fastrtps_c
[10.197s] Invoked command in '/home/robopi2/ros2_ws/build/my_robot_interfaces' returned '0': CMAKE_PREFIX_PATH=${CMAKE_PREFIX_PATH}:/home/robopi2/ros2_ws/install/robot_middleware:/opt/ros/jazzy /usr/bin/cmake --build /home/robopi2/ros2_ws/build/my_robot_interfaces -- -j4 -l4
[10.199s] Invoking command in '/home/robopi2/ros2_ws/build/my_robot_interfaces': CMAKE_PREFIX_PATH=${CMAKE_PREFIX_PATH}:/home/robopi2/ros2_ws/install/robot_middleware:/opt/ros/jazzy /usr/bin/cmake --install /home/robopi2/ros2_ws/build/my_robot_interfaces
[10.214s] -- Install configuration: ""
[10.214s] -- Installing: /home/robopi2/ros2_ws/install/my_robot_interfaces/share/ament_index/resource_index/rosidl_interfaces/my_robot_interfaces
[10.215s] -- Installing: /home/robopi2/ros2_ws/install/my_robot_interfaces/share/my_robot_interfaces/msg/RobotCommand.json
[10.215s] -- Installing: /home/robopi2/ros2_ws/install/my_robot_interfaces/include/my_robot_interfaces/my_robot_interfaces
[10.215s] -- Installing: /home/robopi2/ros2_ws/install/my_robot_interfaces/include/my_robot_interfaces/my_robot_interfaces/msg
[10.215s] -- Installing: /home/robopi2/ros2_ws/install/my_robot_interfaces/include/my_robot_interfaces/my_robot_interfaces/msg/detail
[10.215s] -- Installing: /home/robopi2/ros2_ws/install/my_robot_interfaces/include/my_robot_interfaces/my_robot_interfaces/msg/detail/robot_command__struct.h
[10.216s] -- Installing: /home/robopi2/ros2_ws/install/my_robot_interfaces/include/my_robot_interfaces/my_robot_interfaces/msg/detail/robot_command__type_support.c
[10.216s] -- Installing: /home/robopi2/ros2_ws/install/my_robot_interfaces/include/my_robot_interfaces/my_robot_interfaces/msg/detail/robot_command__description.c
[10.216s] -- Installing: /home/robopi2/ros2_ws/install/my_robot_interfaces/include/my_robot_interfaces/my_robot_interfaces/msg/detail/robot_command__type_support.h
[10.216s] -- Installing: /home/robopi2/ros2_ws/install/my_robot_interfaces/include/my_robot_interfaces/my_robot_interfaces/msg/detail/robot_command__functions.h
[10.217s] -- Installing: /home/robopi2/ros2_ws/install/my_robot_interfaces/include/my_robot_interfaces/my_robot_interfaces/msg/detail/robot_command__functions.c
[10.217s] -- Installing: /home/robopi2/ros2_ws/install/my_robot_interfaces/include/my_robot_interfaces/my_robot_interfaces/msg/rosidl_generator_c__visibility_control.h
[10.217s] -- Installing: /home/robopi2/ros2_ws/install/my_robot_interfaces/include/my_robot_interfaces/my_robot_interfaces/msg/robot_command.h
[10.217s] -- Installing: /home/robopi2/ros2_ws/install/my_robot_interfaces/share/my_robot_interfaces/environment/library_path.sh
[10.217s] -- Installing: /home/robopi2/ros2_ws/install/my_robot_interfaces/share/my_robot_interfaces/environment/library_path.dsv
[10.218s] -- Installing: /home/robopi2/ros2_ws/install/my_robot_interfaces/lib/libmy_robot_interfaces__rosidl_generator_c.so
[10.218s] -- Set non-toolchain portion of runtime path of "/home/robopi2/ros2_ws/install/my_robot_interfaces/lib/libmy_robot_interfaces__rosidl_generator_c.so" to ""
[10.219s] -- Up-to-date: /home/robopi2/ros2_ws/install/my_robot_interfaces/include/my_robot_interfaces/my_robot_interfaces
[10.219s] -- Up-to-date: /home/robopi2/ros2_ws/install/my_robot_interfaces/include/my_robot_interfaces/my_robot_interfaces/msg
[10.219s] -- Up-to-date: /home/robopi2/ros2_ws/install/my_robot_interfaces/include/my_robot_interfaces/my_robot_interfaces/msg/detail
[10.219s] -- Installing: /home/robopi2/ros2_ws/install/my_robot_interfaces/include/my_robot_interfaces/my_robot_interfaces/msg/detail/robot_command__rosidl_typesupport_fastrtps_c.h
[10.219s] -- Installing: /home/robopi2/ros2_ws/install/my_robot_interfaces/include/my_robot_interfaces/my_robot_interfaces/msg/rosidl_typesupport_fastrtps_c__visibility_control.h
[10.219s] -- Installing: /home/robopi2/ros2_ws/install/my_robot_interfaces/lib/libmy_robot_interfaces__rosidl_typesupport_fastrtps_c.so
[10.220s] -- Set non-toolchain portion of runtime path of "/home/robopi2/ros2_ws/install/my_robot_interfaces/lib/libmy_robot_interfaces__rosidl_typesupport_fastrtps_c.so" to ""
[10.220s] -- Up-to-date: /home/robopi2/ros2_ws/install/my_robot_interfaces/include/my_robot_interfaces/my_robot_interfaces
[10.220s] -- Up-to-date: /home/robopi2/ros2_ws/install/my_robot_interfaces/include/my_robot_interfaces/my_robot_interfaces/msg
[10.220s] -- Installing: /home/robopi2/ros2_ws/install/my_robot_interfaces/include/my_robot_interfaces/my_robot_interfaces/msg/rosidl_generator_cpp__visibility_control.hpp
[10.220s] -- Up-to-date: /home/robopi2/ros2_ws/install/my_robot_interfaces/include/my_robot_interfaces/my_robot_interfaces/msg/detail
[10.220s] -- Installing: /home/robopi2/ros2_ws/install/my_robot_interfaces/include/my_robot_interfaces/my_robot_interfaces/msg/detail/robot_command__struct.hpp
[10.220s] -- Installing: /home/robopi2/ros2_ws/install/my_robot_interfaces/include/my_robot_interfaces/my_robot_interfaces/msg/detail/robot_command__traits.hpp
[10.221s] -- Installing: /home/robopi2/ros2_ws/install/my_robot_interfaces/include/my_robot_interfaces/my_robot_interfaces/msg/detail/robot_command__builder.hpp
[10.221s] -- Installing: /home/robopi2/ros2_ws/install/my_robot_interfaces/include/my_robot_interfaces/my_robot_interfaces/msg/detail/robot_command__type_support.hpp
[10.221s] -- Installing: /home/robopi2/ros2_ws/install/my_robot_interfaces/include/my_robot_interfaces/my_robot_interfaces/msg/robot_command.hpp
[10.221s] -- Up-to-date: /home/robopi2/ros2_ws/install/my_robot_interfaces/include/my_robot_interfaces/my_robot_interfaces
[10.221s] -- Up-to-date: /home/robopi2/ros2_ws/install/my_robot_interfaces/include/my_robot_interfaces/my_robot_interfaces/msg
[10.221s] -- Installing: /home/robopi2/ros2_ws/install/my_robot_interfaces/include/my_robot_interfaces/my_robot_interfaces/msg/rosidl_typesupport_fastrtps_cpp__visibility_control.h
[10.221s] -- Up-to-date: /home/robopi2/ros2_ws/install/my_robot_interfaces/include/my_robot_interfaces/my_robot_interfaces/msg/detail
[10.221s] -- Installing: /home/robopi2/ros2_ws/install/my_robot_interfaces/include/my_robot_interfaces/my_robot_interfaces/msg/detail/dds_fastrtps
[10.222s] -- Installing: /home/robopi2/ros2_ws/install/my_robot_interfaces/include/my_robot_interfaces/my_robot_interfaces/msg/detail/robot_command__rosidl_typesupport_fastrtps_cpp.hpp
[10.222s] -- Installing: /home/robopi2/ros2_ws/install/my_robot_interfaces/lib/libmy_robot_interfaces__rosidl_typesupport_fastrtps_cpp.so
[10.222s] -- Set non-toolchain portion of runtime path of "/home/robopi2/ros2_ws/install/my_robot_interfaces/lib/libmy_robot_interfaces__rosidl_typesupport_fastrtps_cpp.so" to ""
[10.222s] -- Up-to-date: /home/robopi2/ros2_ws/install/my_robot_interfaces/include/my_robot_interfaces/my_robot_interfaces
[10.223s] -- Up-to-date: /home/robopi2/ros2_ws/install/my_robot_interfaces/include/my_robot_interfaces/my_robot_interfaces/msg
[10.223s] -- Installing: /home/robopi2/ros2_ws/install/my_robot_interfaces/include/my_robot_interfaces/my_robot_interfaces/msg/rosidl_typesupport_introspection_c__visibility_control.h
[10.223s] -- Up-to-date: /home/robopi2/ros2_ws/install/my_robot_interfaces/include/my_robot_interfaces/my_robot_interfaces/msg/detail
[10.223s] -- Up-to-date: /home/robopi2/ros2_ws/install/my_robot_interfaces/include/my_robot_interfaces/my_robot_interfaces/msg/detail/robot_command__type_support.c
[10.223s] -- Installing: /home/robopi2/ros2_ws/install/my_robot_interfaces/include/my_robot_interfaces/my_robot_interfaces/msg/detail/robot_command__rosidl_typesupport_introspection_c.h
[10.223s] -- Installing: /home/robopi2/ros2_ws/install/my_robot_interfaces/lib/libmy_robot_interfaces__rosidl_typesupport_introspection_c.so
[10.224s] -- Set non-toolchain portion of runtime path of "/home/robopi2/ros2_ws/install/my_robot_interfaces/lib/libmy_robot_interfaces__rosidl_typesupport_introspection_c.so" to ""
[10.224s] -- Installing: /home/robopi2/ros2_ws/install/my_robot_interfaces/lib/libmy_robot_interfaces__rosidl_typesupport_c.so
[10.224s] -- Set non-toolchain portion of runtime path of "/home/robopi2/ros2_ws/install/my_robot_interfaces/lib/libmy_robot_interfaces__rosidl_typesupport_c.so" to ""
[10.224s] -- Up-to-date: /home/robopi2/ros2_ws/install/my_robot_interfaces/include/my_robot_interfaces/my_robot_interfaces
[10.225s] -- Up-to-date: /home/robopi2/ros2_ws/install/my_robot_interfaces/include/my_robot_interfaces/my_robot_interfaces/msg
[10.225s] -- Up-to-date: /home/robopi2/ros2_ws/install/my_robot_interfaces/include/my_robot_interfaces/my_robot_interfaces/msg/detail
[10.225s] -- Installing: /home/robopi2/ros2_ws/install/my_robot_interfaces/include/my_robot_interfaces/my_robot_interfaces/msg/detail/robot_command__rosidl_typesupport_introspection_cpp.hpp
[10.225s] -- Installing: /home/robopi2/ros2_ws/install/my_robot_interfaces/include/my_robot_interfaces/my_robot_interfaces/msg/detail/robot_command__type_support.cpp
[10.225s] -- Installing: /home/robopi2/ros2_ws/install/my_robot_interfaces/lib/libmy_robot_interfaces__rosidl_typesupport_introspection_cpp.so
[10.226s] -- Set non-toolchain portion of runtime path of "/home/robopi2/ros2_ws/install/my_robot_interfaces/lib/libmy_robot_interfaces__rosidl_typesupport_introspection_cpp.so" to ""
[10.226s] -- Installing: /home/robopi2/ros2_ws/install/my_robot_interfaces/lib/libmy_robot_interfaces__rosidl_typesupport_cpp.so
[10.226s] -- Set non-toolchain portion of runtime path of "/home/robopi2/ros2_ws/install/my_robot_interfaces/lib/libmy_robot_interfaces__rosidl_typesupport_cpp.so" to ""
[10.226s] -- Installing: /home/robopi2/ros2_ws/install/my_robot_interfaces/share/my_robot_interfaces/environment/pythonpath.sh
[10.227s] -- Installing: /home/robopi2/ros2_ws/install/my_robot_interfaces/share/my_robot_interfaces/environment/pythonpath.dsv
[10.227s] -- Installing: /home/robopi2/ros2_ws/install/my_robot_interfaces/lib/python3.12/site-packages/my_robot_interfaces-0.0.1-py3.12.egg-info
[10.227s] -- Installing: /home/robopi2/ros2_ws/install/my_robot_interfaces/lib/python3.12/site-packages/my_robot_interfaces-0.0.1-py3.12.egg-info/dependency_links.txt
[10.227s] -- Installing: /home/robopi2/ros2_ws/install/my_robot_interfaces/lib/python3.12/site-packages/my_robot_interfaces-0.0.1-py3.12.egg-info/SOURCES.txt
[10.227s] -- Installing: /home/robopi2/ros2_ws/install/my_robot_interfaces/lib/python3.12/site-packages/my_robot_interfaces-0.0.1-py3.12.egg-info/top_level.txt
[10.227s] -- Installing: /home/robopi2/ros2_ws/install/my_robot_interfaces/lib/python3.12/site-packages/my_robot_interfaces-0.0.1-py3.12.egg-info/PKG-INFO
[10.228s] -- Installing: /home/robopi2/ros2_ws/install/my_robot_interfaces/lib/python3.12/site-packages/my_robot_interfaces
[10.228s] -- Installing: /home/robopi2/ros2_ws/install/my_robot_interfaces/lib/python3.12/site-packages/my_robot_interfaces/msg
[10.228s] -- Installing: /home/robopi2/ros2_ws/install/my_robot_interfaces/lib/python3.12/site-packages/my_robot_interfaces/msg/_robot_command.py
[10.228s] -- Installing: /home/robopi2/ros2_ws/install/my_robot_interfaces/lib/python3.12/site-packages/my_robot_interfaces/msg/__init__.py
[10.228s] -- Installing: /home/robopi2/ros2_ws/install/my_robot_interfaces/lib/python3.12/site-packages/my_robot_interfaces/msg/_robot_command_s.c
[10.228s] -- Installing: /home/robopi2/ros2_ws/install/my_robot_interfaces/lib/python3.12/site-packages/my_robot_interfaces/_my_robot_interfaces_s.ep.rosidl_typesupport_fastrtps_c.c
[10.229s] -- Installing: /home/robopi2/ros2_ws/install/my_robot_interfaces/lib/python3.12/site-packages/my_robot_interfaces/my_robot_interfaces_s__rosidl_typesupport_c.so
[10.229s] -- Installing: /home/robopi2/ros2_ws/install/my_robot_interfaces/lib/python3.12/site-packages/my_robot_interfaces/__init__.py
[10.229s] -- Installing: /home/robopi2/ros2_ws/install/my_robot_interfaces/lib/python3.12/site-packages/my_robot_interfaces/_my_robot_interfaces_s.ep.rosidl_typesupport_introspection_c.c
[10.229s] -- Installing: /home/robopi2/ros2_ws/install/my_robot_interfaces/lib/python3.12/site-packages/my_robot_interfaces/my_robot_interfaces_s__rosidl_typesupport_introspection_c.so
[10.229s] -- Installing: /home/robopi2/ros2_ws/install/my_robot_interfaces/lib/python3.12/site-packages/my_robot_interfaces/_my_robot_interfaces_s.ep.rosidl_typesupport_c.c
[10.229s] -- Installing: /home/robopi2/ros2_ws/install/my_robot_interfaces/lib/python3.12/site-packages/my_robot_interfaces/my_robot_interfaces_s__rosidl_typesupport_fastrtps_c.so
[10.284s] Listing '/home/robopi2/ros2_ws/install/my_robot_interfaces/lib/python3.12/site-packages/my_robot_interfaces'...
[10.285s] Compiling '/home/robopi2/ros2_ws/install/my_robot_interfaces/lib/python3.12/site-packages/my_robot_interfaces/__init__.py'...
[10.285s] Listing '/home/robopi2/ros2_ws/install/my_robot_interfaces/lib/python3.12/site-packages/my_robot_interfaces/msg'...
[10.285s] Compiling '/home/robopi2/ros2_ws/install/my_robot_interfaces/lib/python3.12/site-packages/my_robot_interfaces/msg/__init__.py'...
[10.285s] Compiling '/home/robopi2/ros2_ws/install/my_robot_interfaces/lib/python3.12/site-packages/my_robot_interfaces/msg/_robot_command.py'...
[10.297s] -- Installing: /home/robopi2/ros2_ws/install/my_robot_interfaces/lib/python3.12/site-packages/my_robot_interfaces/my_robot_interfaces_s__rosidl_typesupport_fastrtps_c.so
[10.298s] -- Set non-toolchain portion of runtime path of "/home/robopi2/ros2_ws/install/my_robot_interfaces/lib/python3.12/site-packages/my_robot_interfaces/my_robot_interfaces_s__rosidl_typesupport_fastrtps_c.so" to ""
[10.298s] -- Installing: /home/robopi2/ros2_ws/install/my_robot_interfaces/lib/python3.12/site-packages/my_robot_interfaces/my_robot_interfaces_s__rosidl_typesupport_introspection_c.so
[10.299s] -- Set non-toolchain portion of runtime path of "/home/robopi2/ros2_ws/install/my_robot_interfaces/lib/python3.12/site-packages/my_robot_interfaces/my_robot_interfaces_s__rosidl_typesupport_introspection_c.so" to ""
[10.299s] -- Installing: /home/robopi2/ros2_ws/install/my_robot_interfaces/lib/python3.12/site-packages/my_robot_interfaces/my_robot_interfaces_s__rosidl_typesupport_c.so
[10.300s] -- Set non-toolchain portion of runtime path of "/home/robopi2/ros2_ws/install/my_robot_interfaces/lib/python3.12/site-packages/my_robot_interfaces/my_robot_interfaces_s__rosidl_typesupport_c.so" to ""
[10.300s] -- Installing: /home/robopi2/ros2_ws/install/my_robot_interfaces/lib/libmy_robot_interfaces__rosidl_generator_py.so
[10.300s] -- Set non-toolchain portion of runtime path of "/home/robopi2/ros2_ws/install/my_robot_interfaces/lib/libmy_robot_interfaces__rosidl_generator_py.so" to ""
[10.301s] -- Installing: /home/robopi2/ros2_ws/install/my_robot_interfaces/share/my_robot_interfaces/msg/RobotCommand.idl
[10.301s] -- Installing: /home/robopi2/ros2_ws/install/my_robot_interfaces/share/my_robot_interfaces/msg/RobotCommand.msg
[10.301s] -- Installing: /home/robopi2/ros2_ws/install/my_robot_interfaces/share/ament_index/resource_index/package_run_dependencies/my_robot_interfaces
[10.301s] -- Installing: /home/robopi2/ros2_ws/install/my_robot_interfaces/share/ament_index/resource_index/parent_prefix_path/my_robot_interfaces
[10.301s] -- Installing: /home/robopi2/ros2_ws/install/my_robot_interfaces/share/my_robot_interfaces/environment/ament_prefix_path.sh
[10.302s] -- Installing: /home/robopi2/ros2_ws/install/my_robot_interfaces/share/my_robot_interfaces/environment/ament_prefix_path.dsv
[10.302s] -- Installing: /home/robopi2/ros2_ws/install/my_robot_interfaces/share/my_robot_interfaces/environment/path.sh
[10.302s] -- Installing: /home/robopi2/ros2_ws/install/my_robot_interfaces/share/my_robot_interfaces/environment/path.dsv
[10.302s] -- Installing: /home/robopi2/ros2_ws/install/my_robot_interfaces/share/my_robot_interfaces/local_setup.bash
[10.302s] -- Installing: /home/robopi2/ros2_ws/install/my_robot_interfaces/share/my_robot_interfaces/local_setup.sh
[10.302s] -- Installing: /home/robopi2/ros2_ws/install/my_robot_interfaces/share/my_robot_interfaces/local_setup.zsh
[10.303s] -- Installing: /home/robopi2/ros2_ws/install/my_robot_interfaces/share/my_robot_interfaces/local_setup.dsv
[10.303s] -- Installing: /home/robopi2/ros2_ws/install/my_robot_interfaces/share/my_robot_interfaces/package.dsv
[10.303s] -- Installing: /home/robopi2/ros2_ws/install/my_robot_interfaces/share/ament_index/resource_index/packages/my_robot_interfaces
[10.303s] -- Installing: /home/robopi2/ros2_ws/install/my_robot_interfaces/share/my_robot_interfaces/cmake/export_my_robot_interfaces__rosidl_generator_cExport.cmake
[10.304s] -- Installing: /home/robopi2/ros2_ws/install/my_robot_interfaces/share/my_robot_interfaces/cmake/export_my_robot_interfaces__rosidl_generator_cExport-noconfig.cmake
[10.304s] -- Installing: /home/robopi2/ros2_ws/install/my_robot_interfaces/share/my_robot_interfaces/cmake/export_my_robot_interfaces__rosidl_typesupport_fastrtps_cExport.cmake
[10.304s] -- Installing: /home/robopi2/ros2_ws/install/my_robot_interfaces/share/my_robot_interfaces/cmake/export_my_robot_interfaces__rosidl_typesupport_fastrtps_cExport-noconfig.cmake
[10.304s] -- Installing: /home/robopi2/ros2_ws/install/my_robot_interfaces/share/my_robot_interfaces/cmake/export_my_robot_interfaces__rosidl_generator_cppExport.cmake
[10.304s] -- Installing: /home/robopi2/ros2_ws/install/my_robot_interfaces/share/my_robot_interfaces/cmake/export_my_robot_interfaces__rosidl_typesupport_fastrtps_cppExport.cmake
[10.305s] -- Installing: /home/robopi2/ros2_ws/install/my_robot_interfaces/share/my_robot_interfaces/cmake/export_my_robot_interfaces__rosidl_typesupport_fastrtps_cppExport-noconfig.cmake
[10.305s] -- Installing: /home/robopi2/ros2_ws/install/my_robot_interfaces/share/my_robot_interfaces/cmake/my_robot_interfaces__rosidl_typesupport_introspection_cExport.cmake
[10.305s] -- Installing: /home/robopi2/ros2_ws/install/my_robot_interfaces/share/my_robot_interfaces/cmake/my_robot_interfaces__rosidl_typesupport_introspection_cExport-noconfig.cmake
[10.305s] -- Installing: /home/robopi2/ros2_ws/install/my_robot_interfaces/share/my_robot_interfaces/cmake/my_robot_interfaces__rosidl_typesupport_cExport.cmake
[10.305s] -- Installing: /home/robopi2/ros2_ws/install/my_robot_interfaces/share/my_robot_interfaces/cmake/my_robot_interfaces__rosidl_typesupport_cExport-noconfig.cmake
[10.306s] -- Installing: /home/robopi2/ros2_ws/install/my_robot_interfaces/share/my_robot_interfaces/cmake/my_robot_interfaces__rosidl_typesupport_introspection_cppExport.cmake
[10.306s] -- Installing: /home/robopi2/ros2_ws/install/my_robot_interfaces/share/my_robot_interfaces/cmake/my_robot_interfaces__rosidl_typesupport_introspection_cppExport-noconfig.cmake
[10.306s] -- Installing: /home/robopi2/ros2_ws/install/my_robot_interfaces/share/my_robot_interfaces/cmake/my_robot_interfaces__rosidl_typesupport_cppExport.cmake
[10.306s] -- Installing: /home/robopi2/ros2_ws/install/my_robot_interfaces/share/my_robot_interfaces/cmake/my_robot_interfaces__rosidl_typesupport_cppExport-noconfig.cmake
[10.306s] -- Installing: /home/robopi2/ros2_ws/install/my_robot_interfaces/share/my_robot_interfaces/cmake/export_my_robot_interfaces__rosidl_generator_pyExport.cmake
[10.307s] -- Installing: /home/robopi2/ros2_ws/install/my_robot_interfaces/share/my_robot_interfaces/cmake/export_my_robot_interfaces__rosidl_generator_pyExport-noconfig.cmake
[10.307s] -- Installing: /home/robopi2/ros2_ws/install/my_robot_interfaces/share/my_robot_interfaces/cmake/rosidl_cmake-extras.cmake
[10.307s] -- Installing: /home/robopi2/ros2_ws/install/my_robot_interfaces/share/my_robot_interfaces/cmake/ament_cmake_export_dependencies-extras.cmake
[10.307s] -- Installing: /home/robopi2/ros2_ws/install/my_robot_interfaces/share/my_robot_interfaces/cmake/ament_cmake_export_include_directories-extras.cmake
[10.307s] -- Installing: /home/robopi2/ros2_ws/install/my_robot_interfaces/share/my_robot_interfaces/cmake/ament_cmake_export_libraries-extras.cmake
[10.308s] -- Installing: /home/robopi2/ros2_ws/install/my_robot_interfaces/share/my_robot_interfaces/cmake/ament_cmake_export_targets-extras.cmake
[10.308s] -- Installing: /home/robopi2/ros2_ws/install/my_robot_interfaces/share/my_robot_interfaces/cmake/rosidl_cmake_export_typesupport_targets-extras.cmake
[10.308s] -- Installing: /home/robopi2/ros2_ws/install/my_robot_interfaces/share/my_robot_interfaces/cmake/rosidl_cmake_export_typesupport_libraries-extras.cmake
[10.308s] -- Installing: /home/robopi2/ros2_ws/install/my_robot_interfaces/share/my_robot_interfaces/cmake/my_robot_interfacesConfig.cmake
[10.308s] -- Installing: /home/robopi2/ros2_ws/install/my_robot_interfaces/share/my_robot_interfaces/cmake/my_robot_interfacesConfig-version.cmake
[10.309s] -- Installing: /home/robopi2/ros2_ws/install/my_robot_interfaces/share/my_robot_interfaces/package.xml
[10.313s] Invoked command in '/home/robopi2/ros2_ws/build/my_robot_interfaces' returned '0': CMAKE_PREFIX_PATH=${CMAKE_PREFIX_PATH}:/home/robopi2/ros2_ws/install/robot_middleware:/opt/ros/jazzy /usr/bin/cmake --install /home/robopi2/ros2_ws/build/my_robot_interfaces
