[0.153s] DEBUG:colcon:Command line arguments: ['/usr/bin/colcon', 'build']
[0.153s] DEBUG:colcon:Parsed command line arguments: Namespace(log_base=None, log_level=None, verb_name='build', build_base='build', install_base='install', merge_install=False, symlink_install=False, test_result_base=None, continue_on_error=False, executor='parallel', parallel_workers=4, event_handlers=None, ignore_user_meta=False, metas=['./colcon.meta'], base_paths=['.'], packages_ignore=None, packages_ignore_regex=None, paths=None, packages_up_to=None, packages_up_to_regex=None, packages_above=None, packages_above_and_dependencies=None, packages_above_depth=None, packages_select_by_dep=None, packages_skip_by_dep=None, packages_skip_up_to=None, packages_select_build_failed=False, packages_skip_build_finished=False, packages_select_test_failures=False, packages_skip_test_passed=False, packages_select=None, packages_skip=None, packages_select_regex=None, packages_skip_regex=None, packages_start=None, packages_end=None, allow_overriding=[], cmake_args=None, cmake_target=None, cmake_target_skip_unavailable=False, cmake_clean_cache=False, cmake_clean_first=False, cmake_force_configure=False, ament_cmake_args=None, catkin_cmake_args=None, catkin_skip_building_tests=False, mixin_files=None, mixin=None, verb_parser=<colcon_mixin.mixin.mixin_argument.MixinArgumentDecorator object at 0xffff94c80a40>, verb_extension=<colcon_core.verb.build.BuildVerb object at 0xffff94e389e0>, main=<bound method BuildVerb.main of <colcon_core.verb.build.BuildVerb object at 0xffff94e389e0>>, mixin_verb=('build',))
[0.215s] Level 1:colcon.colcon_core.package_discovery:discover_packages(colcon_meta) check parameters
[0.215s] Level 1:colcon.colcon_core.package_discovery:discover_packages(recursive) check parameters
[0.215s] Level 1:colcon.colcon_core.package_discovery:discover_packages(ignore) check parameters
[0.215s] Level 1:colcon.colcon_core.package_discovery:discover_packages(path) check parameters
[0.215s] Level 1:colcon.colcon_core.package_discovery:discover_packages(colcon_meta) discover
[0.215s] Level 1:colcon.colcon_core.package_discovery:discover_packages(recursive) discover
[0.215s] INFO:colcon.colcon_core.package_discovery:Crawling recursively for packages in '/home/robopi2/ros2_ws'
[0.215s] Level 1:colcon.colcon_core.package_identification:_identify(.) by extensions ['ignore', 'ignore_ament_install']
[0.215s] Level 1:colcon.colcon_core.package_identification:_identify(.) by extension 'ignore'
[0.215s] Level 1:colcon.colcon_core.package_identification:_identify(.) by extension 'ignore_ament_install'
[0.216s] Level 1:colcon.colcon_core.package_identification:_identify(.) by extensions ['colcon_pkg']
[0.216s] Level 1:colcon.colcon_core.package_identification:_identify(.) by extension 'colcon_pkg'
[0.216s] Level 1:colcon.colcon_core.package_identification:_identify(.) by extensions ['colcon_meta']
[0.216s] Level 1:colcon.colcon_core.package_identification:_identify(.) by extension 'colcon_meta'
[0.216s] Level 1:colcon.colcon_core.package_identification:_identify(.) by extensions ['ros']
[0.216s] Level 1:colcon.colcon_core.package_identification:_identify(.) by extension 'ros'
[0.257s] Level 1:colcon.colcon_core.package_identification:_identify(.) by extensions ['cmake', 'python']
[0.257s] Level 1:colcon.colcon_core.package_identification:_identify(.) by extension 'cmake'
[0.257s] Level 1:colcon.colcon_core.package_identification:_identify(.) by extension 'python'
[0.257s] Level 1:colcon.colcon_core.package_identification:_identify(.) by extensions ['python_setup_py']
[0.257s] Level 1:colcon.colcon_core.package_identification:_identify(.) by extension 'python_setup_py'
[0.257s] Level 1:colcon.colcon_core.package_identification:_identify(build) by extensions ['ignore', 'ignore_ament_install']
[0.257s] Level 1:colcon.colcon_core.package_identification:_identify(build) by extension 'ignore'
[0.257s] Level 1:colcon.colcon_core.package_identification:_identify(build) ignored
[0.258s] Level 1:colcon.colcon_core.package_identification:_identify(install) by extensions ['ignore', 'ignore_ament_install']
[0.258s] Level 1:colcon.colcon_core.package_identification:_identify(install) by extension 'ignore'
[0.258s] Level 1:colcon.colcon_core.package_identification:_identify(install) ignored
[0.258s] Level 1:colcon.colcon_core.package_identification:_identify(log) by extensions ['ignore', 'ignore_ament_install']
[0.258s] Level 1:colcon.colcon_core.package_identification:_identify(log) by extension 'ignore'
[0.258s] Level 1:colcon.colcon_core.package_identification:_identify(log) ignored
[0.258s] Level 1:colcon.colcon_core.package_identification:_identify(src) by extensions ['ignore', 'ignore_ament_install']
[0.258s] Level 1:colcon.colcon_core.package_identification:_identify(src) by extension 'ignore'
[0.258s] Level 1:colcon.colcon_core.package_identification:_identify(src) by extension 'ignore_ament_install'
[0.258s] Level 1:colcon.colcon_core.package_identification:_identify(src) by extensions ['colcon_pkg']
[0.259s] Level 1:colcon.colcon_core.package_identification:_identify(src) by extension 'colcon_pkg'
[0.259s] Level 1:colcon.colcon_core.package_identification:_identify(src) by extensions ['colcon_meta']
[0.259s] Level 1:colcon.colcon_core.package_identification:_identify(src) by extension 'colcon_meta'
[0.259s] Level 1:colcon.colcon_core.package_identification:_identify(src) by extensions ['ros']
[0.259s] Level 1:colcon.colcon_core.package_identification:_identify(src) by extension 'ros'
[0.259s] Level 1:colcon.colcon_core.package_identification:_identify(src) by extensions ['cmake', 'python']
[0.259s] Level 1:colcon.colcon_core.package_identification:_identify(src) by extension 'cmake'
[0.259s] Level 1:colcon.colcon_core.package_identification:_identify(src) by extension 'python'
[0.259s] Level 1:colcon.colcon_core.package_identification:_identify(src) by extensions ['python_setup_py']
[0.259s] Level 1:colcon.colcon_core.package_identification:_identify(src) by extension 'python_setup_py'
[0.259s] Level 1:colcon.colcon_core.package_identification:_identify(src/my_robot_interfaces) by extensions ['ignore', 'ignore_ament_install']
[0.259s] Level 1:colcon.colcon_core.package_identification:_identify(src/my_robot_interfaces) by extension 'ignore'
[0.259s] Level 1:colcon.colcon_core.package_identification:_identify(src/my_robot_interfaces) by extension 'ignore_ament_install'
[0.259s] Level 1:colcon.colcon_core.package_identification:_identify(src/my_robot_interfaces) by extensions ['colcon_pkg']
[0.259s] Level 1:colcon.colcon_core.package_identification:_identify(src/my_robot_interfaces) by extension 'colcon_pkg'
[0.259s] Level 1:colcon.colcon_core.package_identification:_identify(src/my_robot_interfaces) by extensions ['colcon_meta']
[0.259s] Level 1:colcon.colcon_core.package_identification:_identify(src/my_robot_interfaces) by extension 'colcon_meta'
[0.259s] Level 1:colcon.colcon_core.package_identification:_identify(src/my_robot_interfaces) by extensions ['ros']
[0.259s] Level 1:colcon.colcon_core.package_identification:_identify(src/my_robot_interfaces) by extension 'ros'
[0.263s] DEBUG:colcon.colcon_core.package_identification:Package 'src/my_robot_interfaces' with type 'ros.ament_cmake' and name 'my_robot_interfaces'
[0.263s] Level 1:colcon.colcon_core.package_identification:_identify(src/robot_middleware) by extensions ['ignore', 'ignore_ament_install']
[0.263s] Level 1:colcon.colcon_core.package_identification:_identify(src/robot_middleware) by extension 'ignore'
[0.263s] Level 1:colcon.colcon_core.package_identification:_identify(src/robot_middleware) by extension 'ignore_ament_install'
[0.263s] Level 1:colcon.colcon_core.package_identification:_identify(src/robot_middleware) by extensions ['colcon_pkg']
[0.264s] Level 1:colcon.colcon_core.package_identification:_identify(src/robot_middleware) by extension 'colcon_pkg'
[0.264s] Level 1:colcon.colcon_core.package_identification:_identify(src/robot_middleware) by extensions ['colcon_meta']
[0.264s] Level 1:colcon.colcon_core.package_identification:_identify(src/robot_middleware) by extension 'colcon_meta'
[0.264s] Level 1:colcon.colcon_core.package_identification:_identify(src/robot_middleware) by extensions ['ros']
[0.264s] Level 1:colcon.colcon_core.package_identification:_identify(src/robot_middleware) by extension 'ros'
[0.265s] DEBUG:colcon.colcon_core.package_identification:Package 'src/robot_middleware' with type 'ros.ament_python' and name 'robot_middleware'
[0.265s] Level 1:colcon.colcon_core.package_identification:_identify(src/roboterarm_config) by extensions ['ignore', 'ignore_ament_install']
[0.265s] Level 1:colcon.colcon_core.package_identification:_identify(src/roboterarm_config) by extension 'ignore'
[0.265s] Level 1:colcon.colcon_core.package_identification:_identify(src/roboterarm_config) by extension 'ignore_ament_install'
[0.265s] Level 1:colcon.colcon_core.package_identification:_identify(src/roboterarm_config) by extensions ['colcon_pkg']
[0.265s] Level 1:colcon.colcon_core.package_identification:_identify(src/roboterarm_config) by extension 'colcon_pkg'
[0.265s] Level 1:colcon.colcon_core.package_identification:_identify(src/roboterarm_config) by extensions ['colcon_meta']
[0.265s] Level 1:colcon.colcon_core.package_identification:_identify(src/roboterarm_config) by extension 'colcon_meta'
[0.265s] Level 1:colcon.colcon_core.package_identification:_identify(src/roboterarm_config) by extensions ['ros']
[0.265s] Level 1:colcon.colcon_core.package_identification:_identify(src/roboterarm_config) by extension 'ros'
[0.266s] DEBUG:colcon.colcon_core.package_identification:Package 'src/roboterarm_config' with type 'ros.ament_cmake' and name 'roboterarm_config'
[0.267s] Level 1:colcon.colcon_core.package_identification:_identify(src/roboterarm_description) by extensions ['ignore', 'ignore_ament_install']
[0.267s] Level 1:colcon.colcon_core.package_identification:_identify(src/roboterarm_description) by extension 'ignore'
[0.267s] Level 1:colcon.colcon_core.package_identification:_identify(src/roboterarm_description) by extension 'ignore_ament_install'
[0.267s] Level 1:colcon.colcon_core.package_identification:_identify(src/roboterarm_description) by extensions ['colcon_pkg']
[0.267s] Level 1:colcon.colcon_core.package_identification:_identify(src/roboterarm_description) by extension 'colcon_pkg'
[0.267s] Level 1:colcon.colcon_core.package_identification:_identify(src/roboterarm_description) by extensions ['colcon_meta']
[0.267s] Level 1:colcon.colcon_core.package_identification:_identify(src/roboterarm_description) by extension 'colcon_meta'
[0.267s] Level 1:colcon.colcon_core.package_identification:_identify(src/roboterarm_description) by extensions ['ros']
[0.267s] Level 1:colcon.colcon_core.package_identification:_identify(src/roboterarm_description) by extension 'ros'
[0.268s] DEBUG:colcon.colcon_core.package_identification:Package 'src/roboterarm_description' with type 'ros.ament_cmake' and name 'roboterarm_description'
[0.268s] Level 1:colcon.colcon_core.package_discovery:discover_packages(recursive) using defaults
[0.268s] Level 1:colcon.colcon_core.package_discovery:discover_packages(ignore) discover
[0.268s] Level 1:colcon.colcon_core.package_discovery:discover_packages(ignore) using defaults
[0.268s] Level 1:colcon.colcon_core.package_discovery:discover_packages(path) discover
[0.268s] Level 1:colcon.colcon_core.package_discovery:discover_packages(path) using defaults
[0.295s] Level 1:colcon.colcon_core.package_discovery:discover_packages(prefix_path) check parameters
[0.295s] Level 1:colcon.colcon_core.package_discovery:discover_packages(prefix_path) discover
[0.296s] WARNING:colcon.colcon_ros.prefix_path.ament:The path '/home/robopi2/ros2_ws/install/roboterarm_config' in the environment variable AMENT_PREFIX_PATH doesn't exist
[0.296s] WARNING:colcon.colcon_ros.prefix_path.ament:The path '/home/robopi2/ros2_ws/install/roboterarm_description' in the environment variable AMENT_PREFIX_PATH doesn't exist
[0.296s] WARNING:colcon.colcon_ros.prefix_path.ament:The path '/home/robopi2/ros2_ws/install/robot_middleware' in the environment variable AMENT_PREFIX_PATH doesn't exist
[0.296s] WARNING:colcon.colcon_ros.prefix_path.ament:The path '/home/robopi2/ros2_ws/install/my_robot_interfaces' in the environment variable AMENT_PREFIX_PATH doesn't exist
[0.296s] WARNING:colcon.colcon_ros.prefix_path.catkin:The path '/home/robopi2/ros2_ws/install/roboterarm_config' in the environment variable CMAKE_PREFIX_PATH doesn't exist
[0.296s] WARNING:colcon.colcon_ros.prefix_path.catkin:The path '/home/robopi2/ros2_ws/install/roboterarm_description' in the environment variable CMAKE_PREFIX_PATH doesn't exist
[0.296s] WARNING:colcon.colcon_ros.prefix_path.catkin:The path '/home/robopi2/ros2_ws/install/my_robot_interfaces' in the environment variable CMAKE_PREFIX_PATH doesn't exist
[0.297s] DEBUG:colcon.colcon_installed_package_information.package_discovery:Found 0 installed packages in /home/robopi2/ros2_ws/install
[0.300s] DEBUG:colcon.colcon_installed_package_information.package_discovery:Found 315 installed packages in /opt/ros/jazzy
[0.301s] Level 1:colcon.colcon_core.package_discovery:discover_packages(prefix_path) using defaults
[0.364s] Level 5:colcon.colcon_core.verb:set package 'my_robot_interfaces' build argument 'cmake_args' from command line to 'None'
[0.364s] Level 5:colcon.colcon_core.verb:set package 'my_robot_interfaces' build argument 'cmake_target' from command line to 'None'
[0.364s] Level 5:colcon.colcon_core.verb:set package 'my_robot_interfaces' build argument 'cmake_target_skip_unavailable' from command line to 'False'
[0.364s] Level 5:colcon.colcon_core.verb:set package 'my_robot_interfaces' build argument 'cmake_clean_cache' from command line to 'False'
[0.364s] Level 5:colcon.colcon_core.verb:set package 'my_robot_interfaces' build argument 'cmake_clean_first' from command line to 'False'
[0.364s] Level 5:colcon.colcon_core.verb:set package 'my_robot_interfaces' build argument 'cmake_force_configure' from command line to 'False'
[0.364s] Level 5:colcon.colcon_core.verb:set package 'my_robot_interfaces' build argument 'ament_cmake_args' from command line to 'None'
[0.364s] Level 5:colcon.colcon_core.verb:set package 'my_robot_interfaces' build argument 'catkin_cmake_args' from command line to 'None'
[0.364s] Level 5:colcon.colcon_core.verb:set package 'my_robot_interfaces' build argument 'catkin_skip_building_tests' from command line to 'False'
[0.364s] DEBUG:colcon.colcon_core.verb:Building package 'my_robot_interfaces' with the following arguments: {'ament_cmake_args': None, 'build_base': '/home/robopi2/ros2_ws/build/my_robot_interfaces', 'catkin_cmake_args': None, 'catkin_skip_building_tests': False, 'cmake_args': None, 'cmake_clean_cache': False, 'cmake_clean_first': False, 'cmake_force_configure': False, 'cmake_target': None, 'cmake_target_skip_unavailable': False, 'install_base': '/home/robopi2/ros2_ws/install/my_robot_interfaces', 'merge_install': False, 'path': '/home/robopi2/ros2_ws/src/my_robot_interfaces', 'symlink_install': False, 'test_result_base': None}
[0.364s] Level 5:colcon.colcon_core.verb:set package 'roboterarm_description' build argument 'cmake_args' from command line to 'None'
[0.364s] Level 5:colcon.colcon_core.verb:set package 'roboterarm_description' build argument 'cmake_target' from command line to 'None'
[0.364s] Level 5:colcon.colcon_core.verb:set package 'roboterarm_description' build argument 'cmake_target_skip_unavailable' from command line to 'False'
[0.364s] Level 5:colcon.colcon_core.verb:set package 'roboterarm_description' build argument 'cmake_clean_cache' from command line to 'False'
[0.364s] Level 5:colcon.colcon_core.verb:set package 'roboterarm_description' build argument 'cmake_clean_first' from command line to 'False'
[0.364s] Level 5:colcon.colcon_core.verb:set package 'roboterarm_description' build argument 'cmake_force_configure' from command line to 'False'
[0.365s] Level 5:colcon.colcon_core.verb:set package 'roboterarm_description' build argument 'ament_cmake_args' from command line to 'None'
[0.365s] Level 5:colcon.colcon_core.verb:set package 'roboterarm_description' build argument 'catkin_cmake_args' from command line to 'None'
[0.365s] Level 5:colcon.colcon_core.verb:set package 'roboterarm_description' build argument 'catkin_skip_building_tests' from command line to 'False'
[0.365s] DEBUG:colcon.colcon_core.verb:Building package 'roboterarm_description' with the following arguments: {'ament_cmake_args': None, 'build_base': '/home/robopi2/ros2_ws/build/roboterarm_description', 'catkin_cmake_args': None, 'catkin_skip_building_tests': False, 'cmake_args': None, 'cmake_clean_cache': False, 'cmake_clean_first': False, 'cmake_force_configure': False, 'cmake_target': None, 'cmake_target_skip_unavailable': False, 'install_base': '/home/robopi2/ros2_ws/install/roboterarm_description', 'merge_install': False, 'path': '/home/robopi2/ros2_ws/src/roboterarm_description', 'symlink_install': False, 'test_result_base': None}
[0.365s] Level 5:colcon.colcon_core.verb:set package 'robot_middleware' build argument 'cmake_args' from command line to 'None'
[0.365s] Level 5:colcon.colcon_core.verb:set package 'robot_middleware' build argument 'cmake_target' from command line to 'None'
[0.365s] Level 5:colcon.colcon_core.verb:set package 'robot_middleware' build argument 'cmake_target_skip_unavailable' from command line to 'False'
[0.365s] Level 5:colcon.colcon_core.verb:set package 'robot_middleware' build argument 'cmake_clean_cache' from command line to 'False'
[0.365s] Level 5:colcon.colcon_core.verb:set package 'robot_middleware' build argument 'cmake_clean_first' from command line to 'False'
[0.365s] Level 5:colcon.colcon_core.verb:set package 'robot_middleware' build argument 'cmake_force_configure' from command line to 'False'
[0.365s] Level 5:colcon.colcon_core.verb:set package 'robot_middleware' build argument 'ament_cmake_args' from command line to 'None'
[0.365s] Level 5:colcon.colcon_core.verb:set package 'robot_middleware' build argument 'catkin_cmake_args' from command line to 'None'
[0.365s] Level 5:colcon.colcon_core.verb:set package 'robot_middleware' build argument 'catkin_skip_building_tests' from command line to 'False'
[0.365s] DEBUG:colcon.colcon_core.verb:Building package 'robot_middleware' with the following arguments: {'ament_cmake_args': None, 'build_base': '/home/robopi2/ros2_ws/build/robot_middleware', 'catkin_cmake_args': None, 'catkin_skip_building_tests': False, 'cmake_args': None, 'cmake_clean_cache': False, 'cmake_clean_first': False, 'cmake_force_configure': False, 'cmake_target': None, 'cmake_target_skip_unavailable': False, 'install_base': '/home/robopi2/ros2_ws/install/robot_middleware', 'merge_install': False, 'path': '/home/robopi2/ros2_ws/src/robot_middleware', 'symlink_install': False, 'test_result_base': None}
[0.365s] Level 5:colcon.colcon_core.verb:set package 'roboterarm_config' build argument 'cmake_args' from command line to 'None'
[0.366s] Level 5:colcon.colcon_core.verb:set package 'roboterarm_config' build argument 'cmake_target' from command line to 'None'
[0.366s] Level 5:colcon.colcon_core.verb:set package 'roboterarm_config' build argument 'cmake_target_skip_unavailable' from command line to 'False'
[0.366s] Level 5:colcon.colcon_core.verb:set package 'roboterarm_config' build argument 'cmake_clean_cache' from command line to 'False'
[0.366s] Level 5:colcon.colcon_core.verb:set package 'roboterarm_config' build argument 'cmake_clean_first' from command line to 'False'
[0.366s] Level 5:colcon.colcon_core.verb:set package 'roboterarm_config' build argument 'cmake_force_configure' from command line to 'False'
[0.366s] Level 5:colcon.colcon_core.verb:set package 'roboterarm_config' build argument 'ament_cmake_args' from command line to 'None'
[0.366s] Level 5:colcon.colcon_core.verb:set package 'roboterarm_config' build argument 'catkin_cmake_args' from command line to 'None'
[0.366s] Level 5:colcon.colcon_core.verb:set package 'roboterarm_config' build argument 'catkin_skip_building_tests' from command line to 'False'
[0.366s] DEBUG:colcon.colcon_core.verb:Building package 'roboterarm_config' with the following arguments: {'ament_cmake_args': None, 'build_base': '/home/robopi2/ros2_ws/build/roboterarm_config', 'catkin_cmake_args': None, 'catkin_skip_building_tests': False, 'cmake_args': None, 'cmake_clean_cache': False, 'cmake_clean_first': False, 'cmake_force_configure': False, 'cmake_target': None, 'cmake_target_skip_unavailable': False, 'install_base': '/home/robopi2/ros2_ws/install/roboterarm_config', 'merge_install': False, 'path': '/home/robopi2/ros2_ws/src/roboterarm_config', 'symlink_install': False, 'test_result_base': None}
[0.366s] INFO:colcon.colcon_core.executor:Executing jobs using 'parallel' executor
[0.367s] DEBUG:colcon.colcon_parallel_executor.executor.parallel:run_until_complete
[0.368s] INFO:colcon.colcon_ros.task.ament_cmake.build:Building ROS package in '/home/robopi2/ros2_ws/src/my_robot_interfaces' with build type 'ament_cmake'
[0.368s] INFO:colcon.colcon_cmake.task.cmake.build:Building CMake package in '/home/robopi2/ros2_ws/src/my_robot_interfaces'
[0.371s] INFO:colcon.colcon_core.plugin_system:Skipping extension 'colcon_core.shell.bat': Not used on non-Windows systems
[0.371s] INFO:colcon.colcon_core.shell:Skip shell extension 'powershell' for command environment: Not usable outside of PowerShell
[0.371s] DEBUG:colcon.colcon_core.shell:Skip shell extension 'dsv' for command environment
[0.376s] INFO:colcon.colcon_ros.task.ament_cmake.build:Building ROS package in '/home/robopi2/ros2_ws/src/roboterarm_description' with build type 'ament_cmake'
[0.377s] INFO:colcon.colcon_cmake.task.cmake.build:Building CMake package in '/home/robopi2/ros2_ws/src/roboterarm_description'
[0.377s] INFO:colcon.colcon_core.shell:Skip shell extension 'powershell' for command environment: Not usable outside of PowerShell
[0.377s] DEBUG:colcon.colcon_core.shell:Skip shell extension 'dsv' for command environment
[0.389s] DEBUG:colcon.colcon_core.event_handler.log_command:Invoking command in '/home/robopi2/ros2_ws/build/my_robot_interfaces': CMAKE_PREFIX_PATH=${CMAKE_PREFIX_PATH}:/home/robopi2/ros2_ws/install/robot_middleware:/opt/ros/jazzy /usr/bin/cmake /home/robopi2/ros2_ws/src/my_robot_interfaces -DCMAKE_INSTALL_PREFIX=/home/robopi2/ros2_ws/install/my_robot_interfaces
[0.398s] DEBUG:colcon.colcon_core.event_handler.log_command:Invoking command in '/home/robopi2/ros2_ws/build/roboterarm_description': CMAKE_PREFIX_PATH=${CMAKE_PREFIX_PATH}:/home/robopi2/ros2_ws/install/robot_middleware:/opt/ros/jazzy /usr/bin/cmake /home/robopi2/ros2_ws/src/roboterarm_description -DCMAKE_INSTALL_PREFIX=/home/robopi2/ros2_ws/install/roboterarm_description
[1.718s] DEBUG:colcon.colcon_core.event_handler.log_command:Invoked command in '/home/robopi2/ros2_ws/build/roboterarm_description' returned '0': CMAKE_PREFIX_PATH=${CMAKE_PREFIX_PATH}:/home/robopi2/ros2_ws/install/robot_middleware:/opt/ros/jazzy /usr/bin/cmake /home/robopi2/ros2_ws/src/roboterarm_description -DCMAKE_INSTALL_PREFIX=/home/robopi2/ros2_ws/install/roboterarm_description
[1.720s] DEBUG:colcon.colcon_core.event_handler.log_command:Invoking command in '/home/robopi2/ros2_ws/build/roboterarm_description': CMAKE_PREFIX_PATH=${CMAKE_PREFIX_PATH}:/home/robopi2/ros2_ws/install/robot_middleware:/opt/ros/jazzy /usr/bin/cmake --build /home/robopi2/ros2_ws/build/roboterarm_description -- -j4 -l4
[1.789s] DEBUG:colcon.colcon_core.event_handler.log_command:Invoked command in '/home/robopi2/ros2_ws/build/roboterarm_description' returned '0': CMAKE_PREFIX_PATH=${CMAKE_PREFIX_PATH}:/home/robopi2/ros2_ws/install/robot_middleware:/opt/ros/jazzy /usr/bin/cmake --build /home/robopi2/ros2_ws/build/roboterarm_description -- -j4 -l4
[1.808s] DEBUG:colcon.colcon_core.event_handler.log_command:Invoking command in '/home/robopi2/ros2_ws/build/roboterarm_description': CMAKE_PREFIX_PATH=${CMAKE_PREFIX_PATH}:/home/robopi2/ros2_ws/install/robot_middleware:/opt/ros/jazzy /usr/bin/cmake --install /home/robopi2/ros2_ws/build/roboterarm_description
[1.893s] Level 1:colcon.colcon_core.environment:create_environment_scripts_only(roboterarm_description)
[1.894s] DEBUG:colcon.colcon_core.event_handler.log_command:Invoked command in '/home/robopi2/ros2_ws/build/roboterarm_description' returned '0': CMAKE_PREFIX_PATH=${CMAKE_PREFIX_PATH}:/home/robopi2/ros2_ws/install/robot_middleware:/opt/ros/jazzy /usr/bin/cmake --install /home/robopi2/ros2_ws/build/roboterarm_description
[1.898s] Level 1:colcon.colcon_core.environment:checking '/home/robopi2/ros2_ws/install/roboterarm_description' for CMake module files
[1.899s] Level 1:colcon.colcon_core.environment:checking '/home/robopi2/ros2_ws/install/roboterarm_description' for CMake config files
[1.899s] Level 1:colcon.colcon_core.shell:create_environment_hook('roboterarm_description', 'cmake_prefix_path')
[1.900s] INFO:colcon.colcon_core.shell:Creating environment hook '/home/robopi2/ros2_ws/install/roboterarm_description/share/roboterarm_description/hook/cmake_prefix_path.ps1'
[1.901s] INFO:colcon.colcon_core.shell:Creating environment descriptor '/home/robopi2/ros2_ws/install/roboterarm_description/share/roboterarm_description/hook/cmake_prefix_path.dsv'
[1.902s] INFO:colcon.colcon_core.shell:Creating environment hook '/home/robopi2/ros2_ws/install/roboterarm_description/share/roboterarm_description/hook/cmake_prefix_path.sh'
[1.903s] Level 1:colcon.colcon_core.environment:checking '/home/robopi2/ros2_ws/install/roboterarm_description/bin'
[1.903s] Level 1:colcon.colcon_core.environment:checking '/home/robopi2/ros2_ws/install/roboterarm_description/lib/pkgconfig/roboterarm_description.pc'
[1.904s] Level 1:colcon.colcon_core.environment:checking '/home/robopi2/ros2_ws/install/roboterarm_description/lib/python3.12/site-packages'
[1.904s] Level 1:colcon.colcon_core.environment:checking '/home/robopi2/ros2_ws/install/roboterarm_description/bin'
[1.905s] INFO:colcon.colcon_core.shell:Creating package script '/home/robopi2/ros2_ws/install/roboterarm_description/share/roboterarm_description/package.ps1'
[1.906s] INFO:colcon.colcon_core.shell:Creating package descriptor '/home/robopi2/ros2_ws/install/roboterarm_description/share/roboterarm_description/package.dsv'
[1.907s] INFO:colcon.colcon_core.shell:Creating package script '/home/robopi2/ros2_ws/install/roboterarm_description/share/roboterarm_description/package.sh'
[1.908s] INFO:colcon.colcon_core.shell:Creating package script '/home/robopi2/ros2_ws/install/roboterarm_description/share/roboterarm_description/package.bash'
[1.909s] INFO:colcon.colcon_core.shell:Creating package script '/home/robopi2/ros2_ws/install/roboterarm_description/share/roboterarm_description/package.zsh'
[1.910s] Level 1:colcon.colcon_core.environment:create_file_with_runtime_dependencies(/home/robopi2/ros2_ws/install/roboterarm_description/share/colcon-core/packages/roboterarm_description)
[1.911s] Level 1:colcon.colcon_core.environment:create_environment_scripts_only(roboterarm_description)
[1.912s] Level 1:colcon.colcon_core.environment:checking '/home/robopi2/ros2_ws/install/roboterarm_description' for CMake module files
[1.912s] Level 1:colcon.colcon_core.environment:checking '/home/robopi2/ros2_ws/install/roboterarm_description' for CMake config files
[1.913s] Level 1:colcon.colcon_core.shell:create_environment_hook('roboterarm_description', 'cmake_prefix_path')
[1.913s] INFO:colcon.colcon_core.shell:Creating environment hook '/home/robopi2/ros2_ws/install/roboterarm_description/share/roboterarm_description/hook/cmake_prefix_path.ps1'
[1.914s] INFO:colcon.colcon_core.shell:Creating environment descriptor '/home/robopi2/ros2_ws/install/roboterarm_description/share/roboterarm_description/hook/cmake_prefix_path.dsv'
[1.914s] INFO:colcon.colcon_core.shell:Creating environment hook '/home/robopi2/ros2_ws/install/roboterarm_description/share/roboterarm_description/hook/cmake_prefix_path.sh'
[1.915s] Level 1:colcon.colcon_core.environment:checking '/home/robopi2/ros2_ws/install/roboterarm_description/bin'
[1.916s] Level 1:colcon.colcon_core.environment:checking '/home/robopi2/ros2_ws/install/roboterarm_description/lib/pkgconfig/roboterarm_description.pc'
[1.916s] Level 1:colcon.colcon_core.environment:checking '/home/robopi2/ros2_ws/install/roboterarm_description/lib/python3.12/site-packages'
[1.917s] Level 1:colcon.colcon_core.environment:checking '/home/robopi2/ros2_ws/install/roboterarm_description/bin'
[1.917s] INFO:colcon.colcon_core.shell:Creating package script '/home/robopi2/ros2_ws/install/roboterarm_description/share/roboterarm_description/package.ps1'
[1.918s] INFO:colcon.colcon_core.shell:Creating package descriptor '/home/robopi2/ros2_ws/install/roboterarm_description/share/roboterarm_description/package.dsv'
[1.919s] INFO:colcon.colcon_core.shell:Creating package script '/home/robopi2/ros2_ws/install/roboterarm_description/share/roboterarm_description/package.sh'
[1.920s] INFO:colcon.colcon_core.shell:Creating package script '/home/robopi2/ros2_ws/install/roboterarm_description/share/roboterarm_description/package.bash'
[1.921s] INFO:colcon.colcon_core.shell:Creating package script '/home/robopi2/ros2_ws/install/roboterarm_description/share/roboterarm_description/package.zsh'
[1.922s] Level 1:colcon.colcon_core.environment:create_file_with_runtime_dependencies(/home/robopi2/ros2_ws/install/roboterarm_description/share/colcon-core/packages/roboterarm_description)
[1.923s] INFO:colcon.colcon_ros.task.ament_cmake.build:Building ROS package in '/home/robopi2/ros2_ws/src/roboterarm_config' with build type 'ament_cmake'
[1.923s] INFO:colcon.colcon_cmake.task.cmake.build:Building CMake package in '/home/robopi2/ros2_ws/src/roboterarm_config'
[1.924s] INFO:colcon.colcon_core.shell:Skip shell extension 'powershell' for command environment: Not usable outside of PowerShell
[1.924s] DEBUG:colcon.colcon_core.shell:Skip shell extension 'dsv' for command environment
[1.937s] DEBUG:colcon.colcon_core.event_handler.log_command:Invoking command in '/home/robopi2/ros2_ws/build/roboterarm_config': CMAKE_PREFIX_PATH=/home/robopi2/ros2_ws/install/roboterarm_description:/home/robopi2/ros2_ws/install/roboterarm_config:/home/robopi2/ros2_ws/install/my_robot_interfaces:/opt/ros/jazzy/opt/sdformat_vendor:/opt/ros/jazzy/opt/gz_math_vendor:/opt/ros/jazzy/opt/gz_utils_vendor:/opt/ros/jazzy/opt/gz_tools_vendor:/opt/ros/jazzy/opt/gz_cmake_vendor:/home/robopi2/ros2_ws/install/robot_middleware:/opt/ros/jazzy /usr/bin/cmake /home/robopi2/ros2_ws/src/roboterarm_config -DCMAKE_INSTALL_PREFIX=/home/robopi2/ros2_ws/install/roboterarm_config
[3.210s] DEBUG:colcon.colcon_core.event_handler.log_command:Invoked command in '/home/robopi2/ros2_ws/build/roboterarm_config' returned '0': CMAKE_PREFIX_PATH=/home/robopi2/ros2_ws/install/roboterarm_description:/home/robopi2/ros2_ws/install/roboterarm_config:/home/robopi2/ros2_ws/install/my_robot_interfaces:/opt/ros/jazzy/opt/sdformat_vendor:/opt/ros/jazzy/opt/gz_math_vendor:/opt/ros/jazzy/opt/gz_utils_vendor:/opt/ros/jazzy/opt/gz_tools_vendor:/opt/ros/jazzy/opt/gz_cmake_vendor:/home/robopi2/ros2_ws/install/robot_middleware:/opt/ros/jazzy /usr/bin/cmake /home/robopi2/ros2_ws/src/roboterarm_config -DCMAKE_INSTALL_PREFIX=/home/robopi2/ros2_ws/install/roboterarm_config
[3.212s] DEBUG:colcon.colcon_core.event_handler.log_command:Invoking command in '/home/robopi2/ros2_ws/build/roboterarm_config': CMAKE_PREFIX_PATH=/home/robopi2/ros2_ws/install/roboterarm_description:/home/robopi2/ros2_ws/install/roboterarm_config:/home/robopi2/ros2_ws/install/my_robot_interfaces:/opt/ros/jazzy/opt/sdformat_vendor:/opt/ros/jazzy/opt/gz_math_vendor:/opt/ros/jazzy/opt/gz_utils_vendor:/opt/ros/jazzy/opt/gz_tools_vendor:/opt/ros/jazzy/opt/gz_cmake_vendor:/home/robopi2/ros2_ws/install/robot_middleware:/opt/ros/jazzy /usr/bin/cmake --build /home/robopi2/ros2_ws/build/roboterarm_config -- -j4 -l4
[3.284s] DEBUG:colcon.colcon_core.event_handler.log_command:Invoked command in '/home/robopi2/ros2_ws/build/roboterarm_config' returned '0': CMAKE_PREFIX_PATH=/home/robopi2/ros2_ws/install/roboterarm_description:/home/robopi2/ros2_ws/install/roboterarm_config:/home/robopi2/ros2_ws/install/my_robot_interfaces:/opt/ros/jazzy/opt/sdformat_vendor:/opt/ros/jazzy/opt/gz_math_vendor:/opt/ros/jazzy/opt/gz_utils_vendor:/opt/ros/jazzy/opt/gz_tools_vendor:/opt/ros/jazzy/opt/gz_cmake_vendor:/home/robopi2/ros2_ws/install/robot_middleware:/opt/ros/jazzy /usr/bin/cmake --build /home/robopi2/ros2_ws/build/roboterarm_config -- -j4 -l4
[3.286s] DEBUG:colcon.colcon_core.event_handler.log_command:Invoking command in '/home/robopi2/ros2_ws/build/roboterarm_config': CMAKE_PREFIX_PATH=/home/robopi2/ros2_ws/install/roboterarm_description:/home/robopi2/ros2_ws/install/roboterarm_config:/home/robopi2/ros2_ws/install/my_robot_interfaces:/opt/ros/jazzy/opt/sdformat_vendor:/opt/ros/jazzy/opt/gz_math_vendor:/opt/ros/jazzy/opt/gz_utils_vendor:/opt/ros/jazzy/opt/gz_tools_vendor:/opt/ros/jazzy/opt/gz_cmake_vendor:/home/robopi2/ros2_ws/install/robot_middleware:/opt/ros/jazzy /usr/bin/cmake --install /home/robopi2/ros2_ws/build/roboterarm_config
[3.313s] Level 1:colcon.colcon_core.environment:create_environment_scripts_only(roboterarm_config)
[3.314s] Level 1:colcon.colcon_core.environment:checking '/home/robopi2/ros2_ws/install/roboterarm_config' for CMake module files
[3.314s] DEBUG:colcon.colcon_core.event_handler.log_command:Invoked command in '/home/robopi2/ros2_ws/build/roboterarm_config' returned '0': CMAKE_PREFIX_PATH=/home/robopi2/ros2_ws/install/roboterarm_description:/home/robopi2/ros2_ws/install/roboterarm_config:/home/robopi2/ros2_ws/install/my_robot_interfaces:/opt/ros/jazzy/opt/sdformat_vendor:/opt/ros/jazzy/opt/gz_math_vendor:/opt/ros/jazzy/opt/gz_utils_vendor:/opt/ros/jazzy/opt/gz_tools_vendor:/opt/ros/jazzy/opt/gz_cmake_vendor:/home/robopi2/ros2_ws/install/robot_middleware:/opt/ros/jazzy /usr/bin/cmake --install /home/robopi2/ros2_ws/build/roboterarm_config
[3.315s] Level 1:colcon.colcon_core.environment:checking '/home/robopi2/ros2_ws/install/roboterarm_config' for CMake config files
[3.315s] Level 1:colcon.colcon_core.shell:create_environment_hook('roboterarm_config', 'cmake_prefix_path')
[3.315s] INFO:colcon.colcon_core.shell:Creating environment hook '/home/robopi2/ros2_ws/install/roboterarm_config/share/roboterarm_config/hook/cmake_prefix_path.ps1'
[3.316s] INFO:colcon.colcon_core.shell:Creating environment descriptor '/home/robopi2/ros2_ws/install/roboterarm_config/share/roboterarm_config/hook/cmake_prefix_path.dsv'
[3.316s] INFO:colcon.colcon_core.shell:Creating environment hook '/home/robopi2/ros2_ws/install/roboterarm_config/share/roboterarm_config/hook/cmake_prefix_path.sh'
[3.317s] Level 1:colcon.colcon_core.environment:checking '/home/robopi2/ros2_ws/install/roboterarm_config/lib'
[3.317s] Level 1:colcon.colcon_core.environment:checking '/home/robopi2/ros2_ws/install/roboterarm_config/bin'
[3.318s] Level 1:colcon.colcon_core.environment:checking '/home/robopi2/ros2_ws/install/roboterarm_config/lib/pkgconfig/roboterarm_config.pc'
[3.318s] Level 1:colcon.colcon_core.environment:checking '/home/robopi2/ros2_ws/install/roboterarm_config/lib/python3.12/site-packages'
[3.318s] Level 1:colcon.colcon_core.environment:checking '/home/robopi2/ros2_ws/install/roboterarm_config/bin'
[3.319s] INFO:colcon.colcon_core.shell:Creating package script '/home/robopi2/ros2_ws/install/roboterarm_config/share/roboterarm_config/package.ps1'
[3.319s] INFO:colcon.colcon_core.shell:Creating package descriptor '/home/robopi2/ros2_ws/install/roboterarm_config/share/roboterarm_config/package.dsv'
[3.320s] INFO:colcon.colcon_core.shell:Creating package script '/home/robopi2/ros2_ws/install/roboterarm_config/share/roboterarm_config/package.sh'
[3.320s] INFO:colcon.colcon_core.shell:Creating package script '/home/robopi2/ros2_ws/install/roboterarm_config/share/roboterarm_config/package.bash'
[3.321s] INFO:colcon.colcon_core.shell:Creating package script '/home/robopi2/ros2_ws/install/roboterarm_config/share/roboterarm_config/package.zsh'
[3.321s] Level 1:colcon.colcon_core.environment:create_file_with_runtime_dependencies(/home/robopi2/ros2_ws/install/roboterarm_config/share/colcon-core/packages/roboterarm_config)
[3.322s] Level 1:colcon.colcon_core.environment:create_environment_scripts_only(roboterarm_config)
[3.322s] Level 1:colcon.colcon_core.environment:checking '/home/robopi2/ros2_ws/install/roboterarm_config' for CMake module files
[3.323s] Level 1:colcon.colcon_core.environment:checking '/home/robopi2/ros2_ws/install/roboterarm_config' for CMake config files
[3.324s] Level 1:colcon.colcon_core.shell:create_environment_hook('roboterarm_config', 'cmake_prefix_path')
[3.324s] INFO:colcon.colcon_core.shell:Creating environment hook '/home/robopi2/ros2_ws/install/roboterarm_config/share/roboterarm_config/hook/cmake_prefix_path.ps1'
[3.324s] INFO:colcon.colcon_core.shell:Creating environment descriptor '/home/robopi2/ros2_ws/install/roboterarm_config/share/roboterarm_config/hook/cmake_prefix_path.dsv'
[3.325s] INFO:colcon.colcon_core.shell:Creating environment hook '/home/robopi2/ros2_ws/install/roboterarm_config/share/roboterarm_config/hook/cmake_prefix_path.sh'
[3.326s] Level 1:colcon.colcon_core.environment:checking '/home/robopi2/ros2_ws/install/roboterarm_config/lib'
[3.326s] Level 1:colcon.colcon_core.environment:checking '/home/robopi2/ros2_ws/install/roboterarm_config/bin'
[3.326s] Level 1:colcon.colcon_core.environment:checking '/home/robopi2/ros2_ws/install/roboterarm_config/lib/pkgconfig/roboterarm_config.pc'
[3.326s] Level 1:colcon.colcon_core.environment:checking '/home/robopi2/ros2_ws/install/roboterarm_config/lib/python3.12/site-packages'
[3.327s] Level 1:colcon.colcon_core.environment:checking '/home/robopi2/ros2_ws/install/roboterarm_config/bin'
[3.327s] INFO:colcon.colcon_core.shell:Creating package script '/home/robopi2/ros2_ws/install/roboterarm_config/share/roboterarm_config/package.ps1'
[3.328s] INFO:colcon.colcon_core.shell:Creating package descriptor '/home/robopi2/ros2_ws/install/roboterarm_config/share/roboterarm_config/package.dsv'
[3.329s] INFO:colcon.colcon_core.shell:Creating package script '/home/robopi2/ros2_ws/install/roboterarm_config/share/roboterarm_config/package.sh'
[3.330s] INFO:colcon.colcon_core.shell:Creating package script '/home/robopi2/ros2_ws/install/roboterarm_config/share/roboterarm_config/package.bash'
[3.331s] INFO:colcon.colcon_core.shell:Creating package script '/home/robopi2/ros2_ws/install/roboterarm_config/share/roboterarm_config/package.zsh'
[3.348s] Level 1:colcon.colcon_core.environment:create_file_with_runtime_dependencies(/home/robopi2/ros2_ws/install/roboterarm_config/share/colcon-core/packages/roboterarm_config)
[5.772s] DEBUG:colcon.colcon_core.event_handler.log_command:Invoked command in '/home/robopi2/ros2_ws/build/my_robot_interfaces' returned '0': CMAKE_PREFIX_PATH=${CMAKE_PREFIX_PATH}:/home/robopi2/ros2_ws/install/robot_middleware:/opt/ros/jazzy /usr/bin/cmake /home/robopi2/ros2_ws/src/my_robot_interfaces -DCMAKE_INSTALL_PREFIX=/home/robopi2/ros2_ws/install/my_robot_interfaces
[5.774s] DEBUG:colcon.colcon_core.event_handler.log_command:Invoking command in '/home/robopi2/ros2_ws/build/my_robot_interfaces': CMAKE_PREFIX_PATH=${CMAKE_PREFIX_PATH}:/home/robopi2/ros2_ws/install/robot_middleware:/opt/ros/jazzy /usr/bin/cmake --build /home/robopi2/ros2_ws/build/my_robot_interfaces -- -j4 -l4
[10.566s] DEBUG:colcon.colcon_core.event_handler.log_command:Invoked command in '/home/robopi2/ros2_ws/build/my_robot_interfaces' returned '0': CMAKE_PREFIX_PATH=${CMAKE_PREFIX_PATH}:/home/robopi2/ros2_ws/install/robot_middleware:/opt/ros/jazzy /usr/bin/cmake --build /home/robopi2/ros2_ws/build/my_robot_interfaces -- -j4 -l4
[10.568s] DEBUG:colcon.colcon_core.event_handler.log_command:Invoking command in '/home/robopi2/ros2_ws/build/my_robot_interfaces': CMAKE_PREFIX_PATH=${CMAKE_PREFIX_PATH}:/home/robopi2/ros2_ws/install/robot_middleware:/opt/ros/jazzy /usr/bin/cmake --install /home/robopi2/ros2_ws/build/my_robot_interfaces
[10.681s] Level 1:colcon.colcon_core.environment:create_environment_scripts_only(my_robot_interfaces)
[10.681s] Level 1:colcon.colcon_core.environment:checking '/home/robopi2/ros2_ws/install/my_robot_interfaces' for CMake module files
[10.682s] DEBUG:colcon.colcon_core.event_handler.log_command:Invoked command in '/home/robopi2/ros2_ws/build/my_robot_interfaces' returned '0': CMAKE_PREFIX_PATH=${CMAKE_PREFIX_PATH}:/home/robopi2/ros2_ws/install/robot_middleware:/opt/ros/jazzy /usr/bin/cmake --install /home/robopi2/ros2_ws/build/my_robot_interfaces
[10.682s] Level 1:colcon.colcon_core.environment:checking '/home/robopi2/ros2_ws/install/my_robot_interfaces' for CMake config files
[10.683s] Level 1:colcon.colcon_core.shell:create_environment_hook('my_robot_interfaces', 'cmake_prefix_path')
[10.683s] INFO:colcon.colcon_core.shell:Creating environment hook '/home/robopi2/ros2_ws/install/my_robot_interfaces/share/my_robot_interfaces/hook/cmake_prefix_path.ps1'
[10.684s] INFO:colcon.colcon_core.shell:Creating environment descriptor '/home/robopi2/ros2_ws/install/my_robot_interfaces/share/my_robot_interfaces/hook/cmake_prefix_path.dsv'
[10.684s] INFO:colcon.colcon_core.shell:Creating environment hook '/home/robopi2/ros2_ws/install/my_robot_interfaces/share/my_robot_interfaces/hook/cmake_prefix_path.sh'
[10.685s] Level 1:colcon.colcon_core.environment:checking '/home/robopi2/ros2_ws/install/my_robot_interfaces/lib'
[10.685s] Level 1:colcon.colcon_core.shell:create_environment_hook('my_robot_interfaces', 'ld_library_path_lib')
[10.685s] INFO:colcon.colcon_core.shell:Creating environment hook '/home/robopi2/ros2_ws/install/my_robot_interfaces/share/my_robot_interfaces/hook/ld_library_path_lib.ps1'
[10.685s] INFO:colcon.colcon_core.shell:Creating environment descriptor '/home/robopi2/ros2_ws/install/my_robot_interfaces/share/my_robot_interfaces/hook/ld_library_path_lib.dsv'
[10.686s] INFO:colcon.colcon_core.shell:Creating environment hook '/home/robopi2/ros2_ws/install/my_robot_interfaces/share/my_robot_interfaces/hook/ld_library_path_lib.sh'
[10.686s] Level 1:colcon.colcon_core.environment:checking '/home/robopi2/ros2_ws/install/my_robot_interfaces/bin'
[10.686s] Level 1:colcon.colcon_core.environment:checking '/home/robopi2/ros2_ws/install/my_robot_interfaces/lib/pkgconfig/my_robot_interfaces.pc'
[10.687s] Level 1:colcon.colcon_core.environment:checking '/home/robopi2/ros2_ws/install/my_robot_interfaces/lib/python3.12/site-packages'
[10.687s] Level 1:colcon.colcon_core.shell:create_environment_hook('my_robot_interfaces', 'pythonpath')
[10.687s] INFO:colcon.colcon_core.shell:Creating environment hook '/home/robopi2/ros2_ws/install/my_robot_interfaces/share/my_robot_interfaces/hook/pythonpath.ps1'
[10.687s] INFO:colcon.colcon_core.shell:Creating environment descriptor '/home/robopi2/ros2_ws/install/my_robot_interfaces/share/my_robot_interfaces/hook/pythonpath.dsv'
[10.688s] INFO:colcon.colcon_core.shell:Creating environment hook '/home/robopi2/ros2_ws/install/my_robot_interfaces/share/my_robot_interfaces/hook/pythonpath.sh'
[10.688s] Level 1:colcon.colcon_core.environment:checking '/home/robopi2/ros2_ws/install/my_robot_interfaces/bin'
[10.689s] INFO:colcon.colcon_core.shell:Creating package script '/home/robopi2/ros2_ws/install/my_robot_interfaces/share/my_robot_interfaces/package.ps1'
[10.689s] INFO:colcon.colcon_core.shell:Creating package descriptor '/home/robopi2/ros2_ws/install/my_robot_interfaces/share/my_robot_interfaces/package.dsv'
[10.690s] INFO:colcon.colcon_core.shell:Creating package script '/home/robopi2/ros2_ws/install/my_robot_interfaces/share/my_robot_interfaces/package.sh'
[10.691s] INFO:colcon.colcon_core.shell:Creating package script '/home/robopi2/ros2_ws/install/my_robot_interfaces/share/my_robot_interfaces/package.bash'
[10.691s] INFO:colcon.colcon_core.shell:Creating package script '/home/robopi2/ros2_ws/install/my_robot_interfaces/share/my_robot_interfaces/package.zsh'
[10.691s] Level 1:colcon.colcon_core.environment:create_file_with_runtime_dependencies(/home/robopi2/ros2_ws/install/my_robot_interfaces/share/colcon-core/packages/my_robot_interfaces)
[10.692s] Level 1:colcon.colcon_core.environment:create_environment_scripts_only(my_robot_interfaces)
[10.693s] Level 1:colcon.colcon_core.environment:checking '/home/robopi2/ros2_ws/install/my_robot_interfaces' for CMake module files
[10.693s] Level 1:colcon.colcon_core.environment:checking '/home/robopi2/ros2_ws/install/my_robot_interfaces' for CMake config files
[10.694s] Level 1:colcon.colcon_core.shell:create_environment_hook('my_robot_interfaces', 'cmake_prefix_path')
[10.694s] INFO:colcon.colcon_core.shell:Creating environment hook '/home/robopi2/ros2_ws/install/my_robot_interfaces/share/my_robot_interfaces/hook/cmake_prefix_path.ps1'
[10.695s] INFO:colcon.colcon_core.shell:Creating environment descriptor '/home/robopi2/ros2_ws/install/my_robot_interfaces/share/my_robot_interfaces/hook/cmake_prefix_path.dsv'
[10.696s] INFO:colcon.colcon_core.shell:Creating environment hook '/home/robopi2/ros2_ws/install/my_robot_interfaces/share/my_robot_interfaces/hook/cmake_prefix_path.sh'
[10.697s] Level 1:colcon.colcon_core.environment:checking '/home/robopi2/ros2_ws/install/my_robot_interfaces/lib'
[10.697s] Level 1:colcon.colcon_core.shell:create_environment_hook('my_robot_interfaces', 'ld_library_path_lib')
[10.697s] INFO:colcon.colcon_core.shell:Creating environment hook '/home/robopi2/ros2_ws/install/my_robot_interfaces/share/my_robot_interfaces/hook/ld_library_path_lib.ps1'
[10.698s] INFO:colcon.colcon_core.shell:Creating environment descriptor '/home/robopi2/ros2_ws/install/my_robot_interfaces/share/my_robot_interfaces/hook/ld_library_path_lib.dsv'
[10.698s] INFO:colcon.colcon_core.shell:Creating environment hook '/home/robopi2/ros2_ws/install/my_robot_interfaces/share/my_robot_interfaces/hook/ld_library_path_lib.sh'
[10.699s] Level 1:colcon.colcon_core.environment:checking '/home/robopi2/ros2_ws/install/my_robot_interfaces/bin'
[10.699s] Level 1:colcon.colcon_core.environment:checking '/home/robopi2/ros2_ws/install/my_robot_interfaces/lib/pkgconfig/my_robot_interfaces.pc'
[10.699s] Level 1:colcon.colcon_core.environment:checking '/home/robopi2/ros2_ws/install/my_robot_interfaces/lib/python3.12/site-packages'
[10.699s] Level 1:colcon.colcon_core.shell:create_environment_hook('my_robot_interfaces', 'pythonpath')
[10.700s] INFO:colcon.colcon_core.shell:Creating environment hook '/home/robopi2/ros2_ws/install/my_robot_interfaces/share/my_robot_interfaces/hook/pythonpath.ps1'
[10.700s] INFO:colcon.colcon_core.shell:Creating environment descriptor '/home/robopi2/ros2_ws/install/my_robot_interfaces/share/my_robot_interfaces/hook/pythonpath.dsv'
[10.701s] INFO:colcon.colcon_core.shell:Creating environment hook '/home/robopi2/ros2_ws/install/my_robot_interfaces/share/my_robot_interfaces/hook/pythonpath.sh'
[10.703s] Level 1:colcon.colcon_core.environment:checking '/home/robopi2/ros2_ws/install/my_robot_interfaces/bin'
[10.703s] INFO:colcon.colcon_core.shell:Creating package script '/home/robopi2/ros2_ws/install/my_robot_interfaces/share/my_robot_interfaces/package.ps1'
[10.704s] INFO:colcon.colcon_core.shell:Creating package descriptor '/home/robopi2/ros2_ws/install/my_robot_interfaces/share/my_robot_interfaces/package.dsv'
[10.705s] INFO:colcon.colcon_core.shell:Creating package script '/home/robopi2/ros2_ws/install/my_robot_interfaces/share/my_robot_interfaces/package.sh'
[10.706s] INFO:colcon.colcon_core.shell:Creating package script '/home/robopi2/ros2_ws/install/my_robot_interfaces/share/my_robot_interfaces/package.bash'
[10.707s] INFO:colcon.colcon_core.shell:Creating package script '/home/robopi2/ros2_ws/install/my_robot_interfaces/share/my_robot_interfaces/package.zsh'
[10.708s] Level 1:colcon.colcon_core.environment:create_file_with_runtime_dependencies(/home/robopi2/ros2_ws/install/my_robot_interfaces/share/colcon-core/packages/my_robot_interfaces)
[10.709s] INFO:colcon.colcon_ros.task.ament_python.build:Building ROS package in '/home/robopi2/ros2_ws/src/robot_middleware' with build type 'ament_python'
[10.709s] Level 1:colcon.colcon_core.shell:create_environment_hook('robot_middleware', 'ament_prefix_path')
[10.710s] INFO:colcon.colcon_core.shell:Creating environment hook '/home/robopi2/ros2_ws/install/robot_middleware/share/robot_middleware/hook/ament_prefix_path.ps1'
[10.711s] INFO:colcon.colcon_core.shell:Creating environment descriptor '/home/robopi2/ros2_ws/install/robot_middleware/share/robot_middleware/hook/ament_prefix_path.dsv'
[10.711s] INFO:colcon.colcon_core.shell:Creating environment hook '/home/robopi2/ros2_ws/install/robot_middleware/share/robot_middleware/hook/ament_prefix_path.sh'
[10.712s] INFO:colcon.colcon_core.shell:Skip shell extension 'powershell' for command environment: Not usable outside of PowerShell
[10.712s] DEBUG:colcon.colcon_core.shell:Skip shell extension 'dsv' for command environment
[11.031s] INFO:colcon.colcon_core.task.python.build:Building Python package in '/home/robopi2/ros2_ws/src/robot_middleware'
[11.031s] INFO:colcon.colcon_core.shell:Skip shell extension 'powershell' for command environment: Not usable outside of PowerShell
[11.031s] DEBUG:colcon.colcon_core.shell:Skip shell extension 'dsv' for command environment
[11.828s] DEBUG:colcon.colcon_core.event_handler.log_command:Invoking command in '/home/robopi2/ros2_ws/src/robot_middleware': CMAKE_PREFIX_PATH=/home/robopi2/ros2_ws/install/my_robot_interfaces:/home/robopi2/ros2_ws/install/roboterarm_config:/home/robopi2/ros2_ws/install/roboterarm_description:/opt/ros/jazzy/opt/sdformat_vendor:/opt/ros/jazzy/opt/gz_math_vendor:/opt/ros/jazzy/opt/gz_utils_vendor:/opt/ros/jazzy/opt/gz_tools_vendor:/opt/ros/jazzy/opt/gz_cmake_vendor PYTHONPATH=/home/robopi2/ros2_ws/build/robot_middleware/prefix_override:/usr/lib/python3/dist-packages/colcon_core/task/python/colcon_distutils_commands:/home/robopi2/ros2_ws/install/robot_middleware/lib/python3.12/site-packages:/home/robopi2/ros2_ws/install/my_robot_interfaces/lib/python3.12/site-packages:/home/robopi2/ros2_ws/install/robot_middleware/lib/python3.12/site-packages:/opt/ros/jazzy/lib/python3.12/site-packages /usr/bin/python3 -W ignore:setup.py install is deprecated -W ignore:easy_install command is deprecated setup.py egg_info --egg-base ../../build/robot_middleware build --build-base /home/robopi2/ros2_ws/build/robot_middleware/build install --record /home/robopi2/ros2_ws/build/robot_middleware/install.log --single-version-externally-managed install_data
[12.568s] Level 1:colcon.colcon_core.environment:checking '/home/robopi2/ros2_ws/install/robot_middleware' for CMake module files
[12.569s] DEBUG:colcon.colcon_core.event_handler.log_command:Invoked command in '/home/robopi2/ros2_ws/src/robot_middleware' returned '0': CMAKE_PREFIX_PATH=/home/robopi2/ros2_ws/install/my_robot_interfaces:/home/robopi2/ros2_ws/install/roboterarm_config:/home/robopi2/ros2_ws/install/roboterarm_description:/opt/ros/jazzy/opt/sdformat_vendor:/opt/ros/jazzy/opt/gz_math_vendor:/opt/ros/jazzy/opt/gz_utils_vendor:/opt/ros/jazzy/opt/gz_tools_vendor:/opt/ros/jazzy/opt/gz_cmake_vendor PYTHONPATH=/home/robopi2/ros2_ws/build/robot_middleware/prefix_override:/usr/lib/python3/dist-packages/colcon_core/task/python/colcon_distutils_commands:/home/robopi2/ros2_ws/install/robot_middleware/lib/python3.12/site-packages:/home/robopi2/ros2_ws/install/my_robot_interfaces/lib/python3.12/site-packages:/home/robopi2/ros2_ws/install/robot_middleware/lib/python3.12/site-packages:/opt/ros/jazzy/lib/python3.12/site-packages /usr/bin/python3 -W ignore:setup.py install is deprecated -W ignore:easy_install command is deprecated setup.py egg_info --egg-base ../../build/robot_middleware build --build-base /home/robopi2/ros2_ws/build/robot_middleware/build install --record /home/robopi2/ros2_ws/build/robot_middleware/install.log --single-version-externally-managed install_data
[12.569s] Level 1:colcon.colcon_core.environment:checking '/home/robopi2/ros2_ws/install/robot_middleware' for CMake config files
[12.570s] Level 1:colcon.colcon_core.environment:checking '/home/robopi2/ros2_ws/install/robot_middleware/lib'
[12.570s] Level 1:colcon.colcon_core.environment:checking '/home/robopi2/ros2_ws/install/robot_middleware/bin'
[12.570s] Level 1:colcon.colcon_core.environment:checking '/home/robopi2/ros2_ws/install/robot_middleware/lib/pkgconfig/robot_middleware.pc'
[12.570s] Level 1:colcon.colcon_core.environment:checking '/home/robopi2/ros2_ws/install/robot_middleware/lib/python3.12/site-packages'
[12.571s] Level 1:colcon.colcon_core.shell:create_environment_hook('robot_middleware', 'pythonpath')
[12.571s] INFO:colcon.colcon_core.shell:Creating environment hook '/home/robopi2/ros2_ws/install/robot_middleware/share/robot_middleware/hook/pythonpath.ps1'
[12.571s] INFO:colcon.colcon_core.shell:Creating environment descriptor '/home/robopi2/ros2_ws/install/robot_middleware/share/robot_middleware/hook/pythonpath.dsv'
[12.572s] INFO:colcon.colcon_core.shell:Creating environment hook '/home/robopi2/ros2_ws/install/robot_middleware/share/robot_middleware/hook/pythonpath.sh'
[12.573s] Level 1:colcon.colcon_core.environment:checking '/home/robopi2/ros2_ws/install/robot_middleware/bin'
[12.573s] Level 1:colcon.colcon_core.environment:create_environment_scripts_only(robot_middleware)
[12.573s] INFO:colcon.colcon_core.shell:Creating package script '/home/robopi2/ros2_ws/install/robot_middleware/share/robot_middleware/package.ps1'
[12.573s] INFO:colcon.colcon_core.shell:Creating package descriptor '/home/robopi2/ros2_ws/install/robot_middleware/share/robot_middleware/package.dsv'
[12.574s] INFO:colcon.colcon_core.shell:Creating package script '/home/robopi2/ros2_ws/install/robot_middleware/share/robot_middleware/package.sh'
[12.575s] INFO:colcon.colcon_core.shell:Creating package script '/home/robopi2/ros2_ws/install/robot_middleware/share/robot_middleware/package.bash'
[12.575s] INFO:colcon.colcon_core.shell:Creating package script '/home/robopi2/ros2_ws/install/robot_middleware/share/robot_middleware/package.zsh'
[12.575s] Level 1:colcon.colcon_core.environment:create_file_with_runtime_dependencies(/home/robopi2/ros2_ws/install/robot_middleware/share/colcon-core/packages/robot_middleware)
[12.576s] DEBUG:colcon.colcon_parallel_executor.executor.parallel:closing loop
[12.576s] DEBUG:colcon.colcon_parallel_executor.executor.parallel:loop closed
[12.577s] DEBUG:colcon.colcon_parallel_executor.executor.parallel:run_until_complete finished with '0'
[12.577s] DEBUG:colcon.colcon_core.event_reactor:joining thread
[12.585s] INFO:colcon.colcon_core.plugin_system:Skipping extension 'colcon_notification.desktop_notification.notify_send': Could not find 'notify-send'
[12.585s] INFO:colcon.colcon_core.plugin_system:Skipping extension 'colcon_notification.desktop_notification.terminal_notifier': Not used on non-Darwin systems
[12.585s] INFO:colcon.colcon_core.plugin_system:Skipping extension 'colcon_notification.desktop_notification.win32': Not used on non-Windows systems
[12.585s] INFO:colcon.colcon_notification.desktop_notification:Sending desktop notification using 'notify2'
[12.586s] DEBUG:colcon.colcon_notification.desktop_notification.notify2:Failed to initialize notify2: org.freedesktop.DBus.Error.ServiceUnknown: The name org.freedesktop.Notifications was not provided by any .service files
[12.587s] DEBUG:colcon.colcon_core.event_reactor:joined thread
[12.587s] INFO:colcon.colcon_core.shell:Creating prefix script '/home/robopi2/ros2_ws/install/local_setup.ps1'
[12.588s] INFO:colcon.colcon_core.shell:Creating prefix util module '/home/robopi2/ros2_ws/install/_local_setup_util_ps1.py'
[12.590s] INFO:colcon.colcon_core.shell:Creating prefix chain script '/home/robopi2/ros2_ws/install/setup.ps1'
[12.591s] INFO:colcon.colcon_core.shell:Creating prefix script '/home/robopi2/ros2_ws/install/local_setup.sh'
[12.592s] INFO:colcon.colcon_core.shell:Creating prefix util module '/home/robopi2/ros2_ws/install/_local_setup_util_sh.py'
[12.592s] INFO:colcon.colcon_core.shell:Creating prefix chain script '/home/robopi2/ros2_ws/install/setup.sh'
[12.594s] INFO:colcon.colcon_core.shell:Creating prefix script '/home/robopi2/ros2_ws/install/local_setup.bash'
[12.595s] INFO:colcon.colcon_core.shell:Creating prefix chain script '/home/robopi2/ros2_ws/install/setup.bash'
[12.596s] INFO:colcon.colcon_core.shell:Creating prefix script '/home/robopi2/ros2_ws/install/local_setup.zsh'
[12.596s] INFO:colcon.colcon_core.shell:Creating prefix chain script '/home/robopi2/ros2_ws/install/setup.zsh'
